[38;5;0m[HTTP][0m [37m-->[39m [37mPOST[39m [37m/session[39m
[38;5;0m[HTTP][0m [90m{"capabilities":{"alwaysMatch":{"platformName":"Android","appium:platformVersion":"11.0","appium:deviceName":"Pixel 4a","appium:automationName":"UIAutomator2","appium:app":"/Users/ramsha/appium_js/app/android/ColorNote+Notepad.apk","appium:autoGrantPermissions":true},"firstMatch":[{}]},"desiredCapabilities":{"platformName":"Android","appium:platformVersion":"11.0","appium:deviceName":"Pixel 4a","appium:automationName":"UIAutomator2","appium:app":"/Users/ramsha/appium_js/app/android/ColorNote+Notepad.apk","appium:autoGrantPermissions":true}}[39m
[debug] [38;5;16m[AppiumDriver@bd14][0m Calling AppiumDriver.createSession() with args: [{"platformName":"Android","appium:platformVersion":"11.0","appium:deviceName":"Pixel 4a","appium:automationName":"UIAutomator2","appium:app":"/Users/ramsha/appium_js/app/android/ColorNote+Notepad.apk","appium:autoGrantPermissions":true},null,{"alwaysMatch":{"platformName":"Android","appium:platformVersion":"11.0","appium:deviceName":"Pixel 4a","appium:automationName":"UIAutomator2","appium:app":"/Users/ramsha/appium_js/app/android/ColorNote+Notepad.apk","appium:autoGrantPermissions":true},"firstMatch":[{}]}]
[debug] [38;5;16m[AppiumDriver@bd14][0m Event 'newSessionRequested' logged at 1691250715008 (19:51:55 GMT+0400 (Gulf Standard Time))
[35m[Appium][39m Attempting to find matching driver for automationName 'UIAutomator2' and platformName 'Android'
[35m[Appium][39m The 'uiautomator2' driver was installed and matched caps.
[35m[Appium][39m Will require it at /Users/ramsha/appium_js/node_modules/appium-uiautomator2-driver
[debug] [35m[Appium][39m Requiring driver at /Users/ramsha/appium_js/node_modules/appium-uiautomator2-driver
[38;5;16m[AppiumDriver@bd14][0m Appium v2.0.0 creating new AndroidUiautomator2Driver (v2.29.2) session
[38;5;16m[AppiumDriver@bd14][0m Checking BaseDriver versions for Appium and AndroidUiautomator2Driver
[38;5;16m[AppiumDriver@bd14][0m Appium's BaseDriver version is 9.3.15
[38;5;16m[AppiumDriver@bd14][0m AndroidUiautomator2Driver's BaseDriver version is 9.3.15
[38;5;16m[AppiumDriver@bd14][0m Applying relaxed security to 'AndroidUiautomator2Driver' as per server command line argument. All insecure features will be enabled unless explicitly disabled by --deny-insecure
[debug] [38;5;32m[AndroidUiautomator2Driver@58e9][0m Creating session with W3C capabilities: {
[debug] [38;5;32m[AndroidUiautomator2Driver@58e9][0m   "alwaysMatch": {
[debug] [38;5;32m[AndroidUiautomator2Driver@58e9][0m     "platformName": "Android",
[debug] [38;5;32m[AndroidUiautomator2Driver@58e9][0m     "appium:platformVersion": "11.0",
[debug] [38;5;32m[AndroidUiautomator2Driver@58e9][0m     "appium:deviceName": "Pixel 4a",
[debug] [38;5;32m[AndroidUiautomator2Driver@58e9][0m     "appium:automationName": "UIAutomator2",
[debug] [38;5;32m[AndroidUiautomator2Driver@58e9][0m     "appium:app": "/Users/ramsha/appium_js/app/android/ColorNote+Notepad.apk",
[debug] [38;5;32m[AndroidUiautomator2Driver@58e9][0m     "appium:autoGrantPermissions": true
[debug] [38;5;32m[AndroidUiautomator2Driver@58e9][0m   },
[debug] [38;5;32m[AndroidUiautomator2Driver@58e9][0m   "firstMatch": [
[debug] [38;5;32m[AndroidUiautomator2Driver@58e9][0m     {}
[debug] [38;5;32m[AndroidUiautomator2Driver@58e9][0m   ]
[debug] [38;5;32m[AndroidUiautomator2Driver@58e9][0m }
[38;5;32m[AndroidUiautomator2Driver@58e9][0m The following capabilities were provided, but are not recognized by Appium:
[38;5;32m[AndroidUiautomator2Driver@58e9][0m   deviceName
[38;5;32m[AndroidUiautomator2Driver@58e9 (74b0150b)][0m Session created with session id: 74b0150b-a379-4036-bbbc-50402d3625f6
[38;5;48m[BaseDriver][0m Using local app '/Users/ramsha/appium_js/app/android/ColorNote+Notepad.apk'
[debug] [38;5;32m[AndroidUiautomator2Driver@58e9 (74b0150b)][0m Checking whether app is actually present
[38;5;64m[ADB][0m Found 3 'build-tools' folders under '/Users/ramsha/Library/Android/sdk' (newest first):
[38;5;64m[ADB][0m     /Users/ramsha/Library/Android/sdk/build-tools/30.0.3
[38;5;64m[ADB][0m     /Users/ramsha/Library/Android/sdk/build-tools/29.0.2
[38;5;64m[ADB][0m     /Users/ramsha/Library/Android/sdk/build-tools/28.0.3
[38;5;64m[ADB][0m Using 'adb' from '/Users/ramsha/Library/Android/sdk/platform-tools/adb'
[debug] [38;5;64m[ADB][0m Running '/Users/ramsha/Library/Android/sdk/platform-tools/adb -P 5037 start-server'
[38;5;80m[AndroidDriver][0m Retrieving device list
[debug] [38;5;64m[ADB][0m Trying to find a connected android device
[debug] [38;5;64m[ADB][0m Getting connected devices
[debug] [38;5;64m[ADB][0m Connected devices: [{"udid":"emulator-5554","state":"device"}]
[38;5;80m[AndroidDriver][0m Looking for a device with Android '11.0.0'
[debug] [38;5;64m[ADB][0m Setting device id to emulator-5554
[38;5;64m[ADB][0m Getting device platform version
[debug] [38;5;64m[ADB][0m Running '/Users/ramsha/Library/Android/sdk/platform-tools/adb -P 5037 -s emulator-5554 shell getprop ro.build.version.release'
[debug] [38;5;64m[ADB][0m Current device property 'ro.build.version.release': 11
[38;5;80m[AndroidDriver][0m Using device: emulator-5554
[38;5;64m[ADB][0m Using 'adb' from '/Users/ramsha/Library/Android/sdk/platform-tools/adb'
[debug] [38;5;64m[ADB][0m Running '/Users/ramsha/Library/Android/sdk/platform-tools/adb -P 5037 start-server'
[debug] [38;5;64m[ADB][0m Setting device id to emulator-5554
[debug] [38;5;64m[ADB][0m Running '/Users/ramsha/Library/Android/sdk/platform-tools/adb -P 5037 -s emulator-5554 shell getprop ro.build.version.sdk'
[debug] [38;5;64m[ADB][0m Current device property 'ro.build.version.sdk': 30
[38;5;64m[ADB][0m Getting device platform version
[debug] [38;5;64m[ADB][0m Running '/Users/ramsha/Library/Android/sdk/platform-tools/adb -P 5037 -s emulator-5554 shell getprop ro.build.version.release'
[debug] [38;5;64m[ADB][0m Current device property 'ro.build.version.release': 11
[debug] [38;5;64m[ADB][0m Device API level: 30
[38;5;32m[AndroidUiautomator2Driver@58e9 (74b0150b)][0m Relaxing hidden api policy
[debug] [38;5;64m[ADB][0m Running '/Users/ramsha/Library/Android/sdk/platform-tools/adb -P 5037 -s emulator-5554 shell 'settings put global hidden_api_policy_pre_p_apps 1;settings put global hidden_api_policy_p_apps 1;settings put global hidden_api_policy 1''
[debug] [38;5;80m[AndroidDriver][0m Parsing package and activity from app manifest
[38;5;64m[ADB][0m Package name: 'com.socialnmobile.dictapps.notepad.color.note'
[38;5;64m[ADB][0m Main activity name: 'com.socialnmobile.colornote.activity.Main'
[debug] [38;5;80m[AndroidDriver][0m Parsed package and activity are: com.socialnmobile.dictapps.notepad.color.note/com.socialnmobile.colornote.activity.Main
[debug] [38;5;64m[ADB][0m Running '/Users/ramsha/Library/Android/sdk/platform-tools/adb -P 5037 -s emulator-5554 wait-for-device'
[debug] [38;5;64m[ADB][0m Running '/Users/ramsha/Library/Android/sdk/platform-tools/adb -P 5037 -s emulator-5554 shell echo ping'
[debug] [38;5;80m[AndroidDriver][0m Pushing settings apk to device...
[debug] [38;5;64m[ADB][0m Getting package info for 'io.appium.settings'
[debug] [38;5;64m[ADB][0m Running '/Users/ramsha/Library/Android/sdk/platform-tools/adb -P 5037 -s emulator-5554 shell dumpsys package io.appium.settings'
[debug] [38;5;64m[ADB][0m The version name of the installed 'io.appium.settings' is greater or equal to the application version name ('5.0.5' >= '5.0.5')
[debug] [38;5;64m[ADB][0m There is no need to install/upgrade '/Users/ramsha/appium_js/node_modules/appium-uiautomator2-driver/node_modules/io.appium.settings/apks/settings_apk-debug.apk'
[debug] [38;5;64m[ADB][0m Getting IDs of all 'io.appium.settings' processes
[debug] [38;5;64m[ADB][0m Running '/Users/ramsha/Library/Android/sdk/platform-tools/adb -P 5037 -s emulator-5554 shell 'pgrep --help; echo $?''
[debug] [38;5;64m[ADB][0m Running '/Users/ramsha/Library/Android/sdk/platform-tools/adb -P 5037 -s emulator-5554 shell pgrep -f \(\[\[:blank:\]\]\|\^\)io\.appium\.settings\(\[\[:blank:\]\]\|\$\)'
[debug] [38;5;80m[AndroidDriver][0m io.appium.settings is already running. There is no need to reset its permissions.
[debug] [38;5;96m[Logcat][0m Starting logs capture with command: /Users/ramsha/Library/Android/sdk/platform-tools/adb -P 5037 -s emulator-5554 logcat -v threadtime
[debug] [38;5;32m[AndroidUiautomator2Driver@58e9 (74b0150b)][0m Forwarding UiAutomator2 Server port 6790 to local port 8200
[debug] [38;5;64m[ADB][0m Forwarding system: 8200 to device: 6790
[debug] [38;5;64m[ADB][0m Running '/Users/ramsha/Library/Android/sdk/platform-tools/adb -P 5037 -s emulator-5554 forward tcp:8200 tcp:6790'
[debug] [38;5;64m[ADB][0m Checking app cert for /Users/ramsha/appium_js/node_modules/appium-uiautomator2-driver/node_modules/appium-uiautomator2-server/apks/appium-uiautomator2-server-v5.12.2.apk
[debug] [38;5;64m[ADB][0m Checking app cert for /Users/ramsha/appium_js/node_modules/appium-uiautomator2-driver/node_modules/appium-uiautomator2-server/apks/appium-uiautomator2-server-debug-androidTest.apk
[38;5;64m[ADB][0m Using 'apksigner.jar' from '/Users/ramsha/Library/Android/sdk/build-tools/30.0.3/lib/apksigner.jar'
[debug] [38;5;64m[ADB][0m Starting apksigner: /Library/Java/JavaVirtualMachines/jdk-20.jdk/Contents/Home/bin/java -Xmx1024M -Xss1m -jar /Users/ramsha/Library/Android/sdk/build-tools/30.0.3/lib/apksigner.jar verify --print-certs /Users/ramsha/appium_js/node_modules/appium-uiautomator2-driver/node_modules/appium-uiautomator2-server/apks/appium-uiautomator2-server-debug-androidTest.apk
[debug] [38;5;64m[ADB][0m Starting apksigner: /Library/Java/JavaVirtualMachines/jdk-20.jdk/Contents/Home/bin/java -Xmx1024M -Xss1m -jar /Users/ramsha/Library/Android/sdk/build-tools/30.0.3/lib/apksigner.jar verify --print-certs /Users/ramsha/appium_js/node_modules/appium-uiautomator2-driver/node_modules/appium-uiautomator2-server/apks/appium-uiautomator2-server-v5.12.2.apk
[debug] [38;5;64m[ADB][0m apksigner stdout: Signer #1 certificate DN: EMAILADDRESS=android@android.com, CN=Android, OU=Android, O=Android, L=Mountain View, ST=California, C=US
[debug] [38;5;64m[ADB][0m Signer #1 certificate SHA-256 digest: a40da80a59d170caa950cf15c18c454d47a39b26989d8b640ecd745ba71bf5dc
[debug] [38;5;64m[ADB][0m Signer #1 certificate SHA-1 digest: 61ed377e85d386a8dfee6b864bd85b0bfaa5af81
[debug] [38;5;64m[ADB][0m Signer #1 certificate MD5 digest: e89b158e4bcf988ebd09eb83f5378e87
[debug] [38;5;64m[ADB][0m 
[debug] [38;5;64m[ADB][0m sha256 hash did match for 'appium-uiautomator2-server-debug-androidTest.apk'
[38;5;64m[ADB][0m '/Users/ramsha/appium_js/node_modules/appium-uiautomator2-driver/node_modules/appium-uiautomator2-server/apks/appium-uiautomator2-server-debug-androidTest.apk' is signed with the default certificate
[debug] [38;5;64m[ADB][0m Getting install status for io.appium.uiautomator2.server.test
[debug] [38;5;64m[ADB][0m Running '/Users/ramsha/Library/Android/sdk/platform-tools/adb -P 5037 -s emulator-5554 shell pm path io.appium.uiautomator2.server.test'
[debug] [38;5;64m[ADB][0m 'io.appium.uiautomator2.server.test' is installed
[debug] [38;5;64m[ADB][0m apksigner stdout: Signer #1 certificate DN: EMAILADDRESS=android@android.com, CN=Android, OU=Android, O=Android, L=Mountain View, ST=California, C=US
[debug] [38;5;64m[ADB][0m Signer #1 certificate SHA-256 digest: a40da80a59d170caa950cf15c18c454d47a39b26989d8b640ecd745ba71bf5dc
[debug] [38;5;64m[ADB][0m Signer #1 certificate SHA-1 digest: 61ed377e85d386a8dfee6b864bd85b0bfaa5af81
[debug] [38;5;64m[ADB][0m Signer #1 certificate MD5 digest: e89b158e4bcf988ebd09eb83f5378e87
[debug] [38;5;64m[ADB][0m 
[debug] [38;5;64m[ADB][0m sha256 hash did match for 'appium-uiautomator2-server-v5.12.2.apk'
[38;5;64m[ADB][0m '/Users/ramsha/appium_js/node_modules/appium-uiautomator2-driver/node_modules/appium-uiautomator2-server/apks/appium-uiautomator2-server-v5.12.2.apk' is signed with the default certificate
[debug] [38;5;64m[ADB][0m Getting package info for 'io.appium.uiautomator2.server'
[debug] [38;5;64m[ADB][0m Running '/Users/ramsha/Library/Android/sdk/platform-tools/adb -P 5037 -s emulator-5554 shell dumpsys package io.appium.uiautomator2.server'
[debug] [38;5;64m[ADB][0m The version name of the installed 'io.appium.uiautomator2.server' is greater or equal to the application version name ('5.12.2' >= '5.12.2')
[debug] [38;5;32m[AndroidUiautomator2Driver@58e9 (74b0150b)][0m Server packages status: [{"wasSigned":true,"installState":"sameVersionInstalled","appPath":"/Users/ramsha/appium_js/node_modules/appium-uiautomator2-driver/node_modules/appium-uiautomator2-server/apks/appium-uiautomator2-server-v5.12.2.apk","appId":"io.appium.uiautomator2.server"},{"wasSigned":true,"installState":"sameVersionInstalled","appPath":"/Users/ramsha/appium_js/node_modules/appium-uiautomator2-driver/node_modules/appium-uiautomator2-server/apks/appium-uiautomator2-server-debug-androidTest.apk","appId":"io.appium.uiautomator2.server.test"}]
[38;5;32m[AndroidUiautomator2Driver@58e9 (74b0150b)][0m Server packages are not going to be (re)installed
[debug] [38;5;32m[AndroidUiautomator2Driver@58e9 (74b0150b)][0m Waiting up to 30000ms for services to be available
[debug] [38;5;64m[ADB][0m Running '/Users/ramsha/Library/Android/sdk/platform-tools/adb -P 5037 -s emulator-5554 shell pm list instrumentation'
[debug] [38;5;32m[AndroidUiautomator2Driver@58e9 (74b0150b)][0m Instrumentation target 'io.appium.uiautomator2.server.test/androidx.test.runner.AndroidJUnitRunner' is available
[38;5;64m[ADB][0m Adding packages ["io.appium.settings","io.appium.uiautomator2.server","io.appium.uiautomator2.server.test"] to Doze whitelist
[debug] [38;5;64m[ADB][0m Got the following command chunks to execute: [["dumpsys","deviceidle","whitelist","+io.appium.settings",";","dumpsys","deviceidle","whitelist","+io.appium.uiautomator2.server",";","dumpsys","deviceidle","whitelist","+io.appium.uiautomator2.server.test",";"]]
[debug] [38;5;64m[ADB][0m Running '/Users/ramsha/Library/Android/sdk/platform-tools/adb -P 5037 -s emulator-5554 shell dumpsys deviceidle whitelist +io.appium.settings ; dumpsys deviceidle whitelist +io.appium.uiautomator2.server ; dumpsys deviceidle whitelist +io.appium.uiautomator2.server.test ;'
[debug] [38;5;64m[ADB][0m Checking app cert for /Users/ramsha/appium_js/app/android/ColorNote+Notepad.apk
[debug] [38;5;64m[ADB][0m Starting apksigner: /Library/Java/JavaVirtualMachines/jdk-20.jdk/Contents/Home/bin/java -Xmx1024M -Xss1m -jar /Users/ramsha/Library/Android/sdk/build-tools/30.0.3/lib/apksigner.jar verify --print-certs /Users/ramsha/appium_js/app/android/ColorNote+Notepad.apk
[debug] [38;5;64m[ADB][0m apksigner stdout: Signer #1 certificate DN: CN=socialnmobile, OU=android, O=socialnmobile, L=Unknown, ST=Unknown, C=Unknown
[debug] [38;5;64m[ADB][0m Signer #1 certificate SHA-256 digest: 4e92275e4f7853f3df65171071f0b6841b063520ee93d9bb2db647baec695b98
[debug] [38;5;64m[ADB][0m Signer #1 certificate SHA-1 digest: f4d8a67bf40879df79cbf1dc8b2999df74ebbf76
[debug] [38;5;64m[ADB][0m Signer #1 certificate MD5 digest: 8190fa0dfb1457782dbbe689beef98b7
[debug] [38;5;64m[ADB][0m 
[38;5;64m[ADB][0m '/Users/ramsha/appium_js/app/android/ColorNote+Notepad.apk' is signed with a non-default certificate
[debug] [38;5;64m[ADB][0m Getting package info for 'com.socialnmobile.dictapps.notepad.color.note'
[debug] [38;5;64m[ADB][0m Running '/Users/ramsha/Library/Android/sdk/platform-tools/adb -P 5037 -s emulator-5554 shell dumpsys package com.socialnmobile.dictapps.notepad.color.note'
[debug] [38;5;64m[ADB][0m The version name of the installed 'com.socialnmobile.dictapps.notepad.color.note' is greater or equal to the application version name ('4.2.4' >= '4.2.4')
[debug] [38;5;64m[ADB][0m There is no need to install/upgrade '/Users/ramsha/appium_js/app/android/ColorNote+Notepad.apk'
[38;5;80m[AndroidDriver][0m Performing fast reset on 'com.socialnmobile.dictapps.notepad.color.note'
[debug] [38;5;64m[ADB][0m Getting install status for com.socialnmobile.dictapps.notepad.color.note
[debug] [38;5;64m[ADB][0m Running '/Users/ramsha/Library/Android/sdk/platform-tools/adb -P 5037 -s emulator-5554 shell pm path com.socialnmobile.dictapps.notepad.color.note'
[debug] [38;5;64m[ADB][0m 'com.socialnmobile.dictapps.notepad.color.note' is installed
[debug] [38;5;64m[ADB][0m Running '/Users/ramsha/Library/Android/sdk/platform-tools/adb -P 5037 -s emulator-5554 shell am force-stop com.socialnmobile.dictapps.notepad.color.note'
[debug] [38;5;64m[ADB][0m Running '/Users/ramsha/Library/Android/sdk/platform-tools/adb -P 5037 -s emulator-5554 shell pm clear com.socialnmobile.dictapps.notepad.color.note'
[debug] [38;5;64m[ADB][0m Running '/Users/ramsha/Library/Android/sdk/platform-tools/adb -P 5037 -s emulator-5554 shell dumpsys package com.socialnmobile.dictapps.notepad.color.note'
[debug] [38;5;64m[ADB][0m Retrieving requested permissions
[debug] [38;5;64m[ADB][0m Retrieved 9 permissions from requested group
[debug] [38;5;64m[ADB][0m Retrieving granted permissions
[debug] [38;5;64m[ADB][0m Retrieved 7 permissions from install,runtime groups
[debug] [38;5;64m[ADB][0m Granting permissions ["android.permission.WRITE_EXTERNAL_STORAGE","android.permission.READ_EXTERNAL_STORAGE"] to 'com.socialnmobile.dictapps.notepad.color.note'
[debug] [38;5;64m[ADB][0m Got the following command chunks to execute: [["pm","grant","com.socialnmobile.dictapps.notepad.color.note","android.permission.WRITE_EXTERNAL_STORAGE",";","pm","grant","com.socialnmobile.dictapps.notepad.color.note","android.permission.READ_EXTERNAL_STORAGE",";"]]
[debug] [38;5;64m[ADB][0m Running '/Users/ramsha/Library/Android/sdk/platform-tools/adb -P 5037 -s emulator-5554 shell pm grant com.socialnmobile.dictapps.notepad.color.note android.permission.WRITE_EXTERNAL_STORAGE ; pm grant com.socialnmobile.dictapps.notepad.color.note android.permission.READ_EXTERNAL_STORAGE ;'
[debug] [38;5;80m[AndroidDriver][0m Performed fast reset on the installed 'com.socialnmobile.dictapps.notepad.color.note' application (stop and clear)
[debug] [38;5;32m[AndroidUiautomator2Driver@58e9 (74b0150b)][0m Performing shallow cleanup of automation leftovers
[debug] [38;5;32m[AndroidUiautomator2Driver@58e9 (74b0150b)][0m No obsolete sessions have been detected (socket hang up)
[debug] [38;5;64m[ADB][0m Running '/Users/ramsha/Library/Android/sdk/platform-tools/adb -P 5037 -s emulator-5554 shell am force-stop io.appium.uiautomator2.server.test'
[38;5;32m[AndroidUiautomator2Driver@58e9 (74b0150b)][0m Starting UIAutomator2 server 5.12.2
[38;5;32m[AndroidUiautomator2Driver@58e9 (74b0150b)][0m Using UIAutomator2 server from '/Users/ramsha/appium_js/node_modules/appium-uiautomator2-driver/node_modules/appium-uiautomator2-server/apks/appium-uiautomator2-server-v5.12.2.apk' and test from '/Users/ramsha/appium_js/node_modules/appium-uiautomator2-driver/node_modules/appium-uiautomator2-server/apks/appium-uiautomator2-server-debug-androidTest.apk'
[38;5;32m[AndroidUiautomator2Driver@58e9 (74b0150b)][0m Waiting up to 30000ms for UiAutomator2 to be online...
[debug] [38;5;64m[ADB][0m Creating ADB subprocess with args: ["-P","5037","-s","emulator-5554","shell","am","instrument","-w","-e","disableAnalytics",true,"io.appium.uiautomator2.server.test/androidx.test.runner.AndroidJUnitRunner"]
[debug] [38;5;32m[AndroidUiautomator2Driver@58e9 (74b0150b)][0m Matched '/status' to command name 'getStatus'
[debug] [38;5;32m[AndroidUiautomator2Driver@58e9 (74b0150b)][0m Proxying [GET /status] to [GET http://127.0.0.1:8200/status] with no body
[38;5;32m[AndroidUiautomator2Driver@58e9 (74b0150b)][0m socket hang up
[debug] [38;5;32m[AndroidUiautomator2Driver@58e9 (74b0150b)][0m Matched '/status' to command name 'getStatus'
[debug] [38;5;32m[AndroidUiautomator2Driver@58e9 (74b0150b)][0m Proxying [GET /status] to [GET http://127.0.0.1:8200/status] with no body
[38;5;32m[AndroidUiautomator2Driver@58e9 (74b0150b)][0m socket hang up
[debug] [38;5;112m[Instrumentation][0m io.appium.uiautomator2.server.test.AppiumUiAutomator2Server:
[debug] [38;5;32m[AndroidUiautomator2Driver@58e9 (74b0150b)][0m Matched '/status' to command name 'getStatus'
[debug] [38;5;32m[AndroidUiautomator2Driver@58e9 (74b0150b)][0m Proxying [GET /status] to [GET http://127.0.0.1:8200/status] with no body
[38;5;32m[AndroidUiautomator2Driver@58e9 (74b0150b)][0m socket hang up
[debug] [38;5;32m[AndroidUiautomator2Driver@58e9 (74b0150b)][0m Matched '/status' to command name 'getStatus'
[debug] [38;5;32m[AndroidUiautomator2Driver@58e9 (74b0150b)][0m Proxying [GET /status] to [GET http://127.0.0.1:8200/status] with no body
[debug] [38;5;32m[AndroidUiautomator2Driver@58e9 (74b0150b)][0m Got response with status 200: {"sessionId":"None","value":{"message":"UiAutomator2 Server is ready to accept commands","ready":true}}
[debug] [38;5;32m[AndroidUiautomator2Driver@58e9 (74b0150b)][0m The initialization of the instrumentation process took 3245ms
[debug] [38;5;32m[AndroidUiautomator2Driver@58e9 (74b0150b)][0m Matched '/session' to command name 'createSession'
[debug] [38;5;32m[AndroidUiautomator2Driver@58e9 (74b0150b)][0m Proxying [POST /session] to [POST http://127.0.0.1:8200/session] with body: {"capabilities":{"firstMatch":[{"platform":"LINUX","webStorageEnabled":false,"takesScreenshot":true,"javascriptEnabled":true,"databaseEnabled":false,"networkConnectionEnabled":true,"locationContextEnabled":false,"warnings":{},"desired":{"platformName":"Android","platformVersion":"11.0","deviceName":"Pixel 4a","automationName":"UIAutomator2","app":"/Users/ramsha/appium_js/app/android/ColorNote+Notepad.apk","autoGrantPermissions":true},"platformName":"Android","platformVersion":"11.0","deviceName":"emulator-5554","automationName":"UIAutomator2","app":"/Users/ramsha/appium_js/app/android/ColorNote+Notepad.apk","autoGrantPermissions":true,"deviceUDID":"emulator-5554","appPackage":"com.socialnmobile.dictapps.notepad.color.note"}],"alwaysMatch":{}}}
[debug] [38;5;32m[AndroidUiautomator2Driver@58e9 (74b0150b)][0m Got response with status 200: {"sessionId":"62ac2e3c-363d-4e5c-b338-33926d4a778b","value":{"capabilities":{"firstMatch":[{"platform":"LINUX","webStorageEnabled":false,"takesScreenshot":true,"javascriptEnabled":true,"databaseEnabled":false,"networkConnectionEnabled":true,"locationContextEnabled":false,"warnings":{},"desired":{"platformName":"Android","platformVersion":"11.0","deviceName":"Pixel 4a","automationName":"UIAutomator2","app":"/Users/ramsha/appium_js/app/android/ColorNote+Notepad.apk","autoGrantPermissions":true},"platformName":"Android","platformVersion":"11.0","deviceName":"emulator-5554","automationName":"UIAutomator2","app":"/Users/ramsha/appium_js/app/android/ColorNote+Notepad.apk","autoGrantPermissions":true,"deviceUDID":"emulator-5554","appPackage":"com.socialnmobile.dictapps.notepad.color.note"}],"alwaysMatch":{}},"sessionId":"62ac2e3c-363d-4e5c-b338-33926d4a778b"}}
[38;5;32m[AndroidUiautomator2Driver@58e9 (74b0150b)][0m Determined the downstream protocol as 'W3C'
[debug] [38;5;32m[AndroidUiautomator2Driver@58e9 (74b0150b)][0m Proxying [GET /appium/device/info] to [GET http://127.0.0.1:8200/session/62ac2e3c-363d-4e5c-b338-33926d4a778b/appium/device/info] with no body
[debug] [38;5;32m[AndroidUiautomator2Driver@58e9 (74b0150b)][0m Got response with status 200: {"sessionId":"62ac2e3c-363d-4e5c-b338-33926d4a778b","value":{"androidId":"55c1d09f169e9283","apiVersion":"30","bluetooth":{"state":"ON"},"brand":"google","carrierName":"Android","displayDensity":440,"locale":"en_US","manufacturer":"Google","model":"sdk_gphone_x86_arm","networks":[{"capabilities":{"SSID":null,"linkDownBandwidthKbps":4125,"linkUpstreamBandwidthKbps":4125,"networkCapabilities":"NET_CAPABILITY_NOT_METERED,NET_CAPABILITY_INTERNET,NET_CAPABILITY_NOT_RESTRICTED,NET_CAPABILITY_TRUSTED,NET_CAPABILITY_NOT_VPN,NET_CAPABILITY_VALIDATED,NET_CAPABILITY_NOT_ROAMING,NET_CAPABILITY_FOREGROUND,NET_CAPABILITY_NOT_CONGESTED,NET_CAPABILITY_NOT_SUSPENDED","signalStrength":-30,"transportTypes":"TRANSPORT_WIFI"},"detailedState":"CONNECTED","extraInfo":"","isAvailable":true,"isConnected":true,"isFailover":false,"isRoaming":false,"state":"CONNECTED","subtype":0,"subtypeName":"","type":1,"typeName":"WIFI"},{"capabilities":{"SSID":null,"linkDownBandwidthKbps":30000,"linkUpstreamBandwidthKbps":15000,"networkCapabiliti...
[debug] [38;5;64m[ADB][0m Running '/Users/ramsha/Library/Android/sdk/platform-tools/adb -P 5037 -s emulator-5554 shell dumpsys window'
[38;5;80m[AndroidDriver][0m Screen already unlocked, doing nothing
[38;5;32m[AndroidUiautomator2Driver@58e9 (74b0150b)][0m Starting 'com.socialnmobile.dictapps.notepad.color.note/com.socialnmobile.colornote.activity.Main and waiting for 'com.socialnmobile.dictapps.notepad.color.note/com.socialnmobile.colornote.activity.Main'
[debug] [38;5;64m[ADB][0m Running '/Users/ramsha/Library/Android/sdk/platform-tools/adb -P 5037 -s emulator-5554 shell am start -W -n com.socialnmobile.dictapps.notepad.color.note/com.socialnmobile.colornote.activity.Main -S -a android.intent.action.MAIN -c android.intent.category.LAUNCHER -f 0x10200000'
[debug] [38;5;64m[ADB][0m Waiting up to 20000ms for activity matching pkg: 'com.socialnmobile.dictapps.notepad.color.note' and activity: 'com.socialnmobile.colornote.activity.Main' to be focused
[debug] [38;5;64m[ADB][0m Possible activities, to be checked: 'com.socialnmobile.colornote.activity.Main', 'com.socialnmobile.dictapps.notepad.color.note.com.socialnmobile.colornote.activity.Main'
[debug] [38;5;64m[ADB][0m Getting focused package and activity
[debug] [38;5;64m[ADB][0m Running '/Users/ramsha/Library/Android/sdk/platform-tools/adb -P 5037 -s emulator-5554 shell dumpsys window displays'
[debug] [38;5;64m[ADB][0m Found package: 'com.socialnmobile.dictapps.notepad.color.note' and fully qualified activity name : 'com.socialnmobile.colornote.activity.Main'
[debug] [38;5;32m[AndroidUiautomator2Driver@58e9 (74b0150b)][0m Proxying [GET /appium/device/pixel_ratio] to [GET http://127.0.0.1:8200/session/62ac2e3c-363d-4e5c-b338-33926d4a778b/appium/device/pixel_ratio] with no body
[debug] [38;5;32m[AndroidUiautomator2Driver@58e9 (74b0150b)][0m Got response with status 200: {"sessionId":"62ac2e3c-363d-4e5c-b338-33926d4a778b","value":2.75}
[debug] [38;5;32m[AndroidUiautomator2Driver@58e9 (74b0150b)][0m Matched '/appium/device/system_bars' to command name 'getSystemBars'
[debug] [38;5;32m[AndroidUiautomator2Driver@58e9 (74b0150b)][0m Proxying [GET /appium/device/system_bars] to [GET http://127.0.0.1:8200/session/62ac2e3c-363d-4e5c-b338-33926d4a778b/appium/device/system_bars] with no body
[debug] [38;5;32m[AndroidUiautomator2Driver@58e9 (74b0150b)][0m Got response with status 200: {"sessionId":"62ac2e3c-363d-4e5c-b338-33926d4a778b","value":{"statusBar":136}}
[debug] [38;5;32m[AndroidUiautomator2Driver@58e9 (74b0150b)][0m Matched '/window/current/size' to command name 'getWindowSize'
[debug] [38;5;32m[AndroidUiautomator2Driver@58e9 (74b0150b)][0m Proxying [GET /window/current/size] to [GET http://127.0.0.1:8200/session/62ac2e3c-363d-4e5c-b338-33926d4a778b/window/current/size] with no body
[debug] [38;5;32m[AndroidUiautomator2Driver@58e9 (74b0150b)][0m Got response with status 200: {"sessionId":"62ac2e3c-363d-4e5c-b338-33926d4a778b","value":{"height":2072,"width":1080}}
[38;5;16m[AppiumDriver@bd14][0m New AndroidUiautomator2Driver session created successfully, session 74b0150b-a379-4036-bbbc-50402d3625f6 added to master session list
[debug] [38;5;16m[AppiumDriver@bd14][0m Event 'newSessionStarted' logged at 1691250728243 (19:52:08 GMT+0400 (Gulf Standard Time))
[debug] [38;5;32m[AndroidUiautomator2Driver@58e9 (74b0150b)][0m Cached the protocol value 'W3C' for the new session 74b0150b-a379-4036-bbbc-50402d3625f6
[debug] [38;5;32m[AndroidUiautomator2Driver@58e9 (74b0150b)][0m Responding to client with driver.createSession() result: {"capabilities":{"platform":"LINUX","webStorageEnabled":false,"takesScreenshot":true,"javascriptEnabled":true,"databaseEnabled":false,"networkConnectionEnabled":true,"locationContextEnabled":false,"warnings":{},"desired":{"platformName":"Android","platformVersion":"11.0","deviceName":"Pixel 4a","automationName":"UIAutomator2","app":"/Users/ramsha/appium_js/app/android/ColorNote+Notepad.apk","autoGrantPermissions":true},"platformName":"Android","platformVersion":"11","deviceName":"emulator-5554","automationName":"UIAutomator2","app":"/Users/ramsha/appium_js/app/android/ColorNote+Notepad.apk","autoGrantPermissions":true,"deviceUDID":"emulator-5554","appPackage":"com.socialnmobile.dictapps.notepad.color.note","deviceApiLevel":30,"deviceScreenSize":"1080x2340","deviceScreenDensity":440,"deviceModel":"sdk_gphone_x86_arm","deviceManufacturer":"Google","pixelRatio":2.75,"statBarHeight":136,"viewportRect":{"left":0,"top":136,"width":1080,"height":1936}}}
[38;5;0m[HTTP][0m [37m<-- POST /session [39m[32m200[39m [90m13244 ms - 1021[39m
[38;5;0m[HTTP][0m [90m[39m
[38;5;0m[HTTP][0m [37m-->[39m [37mPOST[39m [37m/session/74b0150b-a379-4036-bbbc-50402d3625f6/element[39m
[38;5;0m[HTTP][0m [90m{"using":"xpath","value":"//*[@resource-id=\"com.socialnmobile.dictapps.notepad.color.note:id/btn_start_skip\"]"}[39m
[debug] [38;5;32m[AndroidUiautomator2Driver@58e9 (74b0150b)][0m Calling AppiumDriver.findElement() with args: ["xpath","//*[@resource-id=\"com.socialnmobile.dictapps.notepad.color.note:id/btn_start_skip\"]","74b0150b-a379-4036-bbbc-50402d3625f6"]
[debug] [38;5;32m[AndroidUiautomator2Driver@58e9 (74b0150b)][0m Valid locator strategies for this request: xpath, id, class name, accessibility id, css selector, -android uiautomator
[debug] [38;5;32m[AndroidUiautomator2Driver@58e9 (74b0150b)][0m Waiting up to 0 ms for condition
[debug] [38;5;32m[AndroidUiautomator2Driver@58e9 (74b0150b)][0m Matched '/element' to command name 'findElement'
[debug] [38;5;32m[AndroidUiautomator2Driver@58e9 (74b0150b)][0m Proxying [POST /element] to [POST http://127.0.0.1:8200/session/62ac2e3c-363d-4e5c-b338-33926d4a778b/element] with body: {"strategy":"xpath","selector":"//*[@resource-id=\"com.socialnmobile.dictapps.notepad.color.note:id/btn_start_skip\"]","context":"","multiple":false}
[debug] [38;5;32m[AndroidUiautomator2Driver@58e9 (74b0150b)][0m Got response with status 200: {"sessionId":"62ac2e3c-363d-4e5c-b338-33926d4a778b","value":{"ELEMENT":"00000000-0000-003f-ffff-ffff0000008f","element-6066-11e4-a52e-4f735466cecf":"00000000-0000-003f-ffff-ffff0000008f"}}
[debug] [38;5;32m[AndroidUiautomator2Driver@58e9 (74b0150b)][0m Responding to client with driver.findElement() result: {"element-6066-11e4-a52e-4f735466cecf":"00000000-0000-003f-ffff-ffff0000008f","ELEMENT":"00000000-0000-003f-ffff-ffff0000008f"}
[38;5;0m[HTTP][0m [37m<-- POST /session/74b0150b-a379-4036-bbbc-50402d3625f6/element [39m[32m200[39m [90m1822 ms - 137[39m
[38;5;0m[HTTP][0m [90m[39m
[38;5;0m[HTTP][0m [37m-->[39m [37mPOST[39m [37m/session/74b0150b-a379-4036-bbbc-50402d3625f6/element/00000000-0000-003f-ffff-ffff0000008f/click[39m
[38;5;0m[HTTP][0m [90m{}[39m
[debug] [38;5;32m[AndroidUiautomator2Driver@58e9 (74b0150b)][0m Calling AppiumDriver.click() with args: ["00000000-0000-003f-ffff-ffff0000008f","74b0150b-a379-4036-bbbc-50402d3625f6"]
[debug] [38;5;32m[AndroidUiautomator2Driver@58e9 (74b0150b)][0m Matched '/element/00000000-0000-003f-ffff-ffff0000008f/click' to command name 'click'
[debug] [38;5;32m[AndroidUiautomator2Driver@58e9 (74b0150b)][0m Proxying [POST /element/00000000-0000-003f-ffff-ffff0000008f/click] to [POST http://127.0.0.1:8200/session/62ac2e3c-363d-4e5c-b338-33926d4a778b/element/00000000-0000-003f-ffff-ffff0000008f/click] with body: {"element":"00000000-0000-003f-ffff-ffff0000008f"}
[debug] [38;5;32m[AndroidUiautomator2Driver@58e9 (74b0150b)][0m Got response with status 200: {"sessionId":"62ac2e3c-363d-4e5c-b338-33926d4a778b","value":null}
[debug] [38;5;32m[AndroidUiautomator2Driver@58e9 (74b0150b)][0m Responding to client with driver.click() result: null
[38;5;0m[HTTP][0m [37m<-- POST /session/74b0150b-a379-4036-bbbc-50402d3625f6/element/00000000-0000-003f-ffff-ffff0000008f/click [39m[32m200[39m [90m105 ms - 14[39m
[38;5;0m[HTTP][0m [90m[39m
[38;5;0m[HTTP][0m [37m-->[39m [37mPOST[39m [37m/session/74b0150b-a379-4036-bbbc-50402d3625f6/element[39m
[38;5;0m[HTTP][0m [90m{"using":"xpath","value":"//*[@text=\"Add note\"]"}[39m
[debug] [38;5;32m[AndroidUiautomator2Driver@58e9 (74b0150b)][0m Calling AppiumDriver.findElement() with args: ["xpath","//*[@text=\"Add note\"]","74b0150b-a379-4036-bbbc-50402d3625f6"]
[debug] [38;5;32m[AndroidUiautomator2Driver@58e9 (74b0150b)][0m Valid locator strategies for this request: xpath, id, class name, accessibility id, css selector, -android uiautomator
[debug] [38;5;32m[AndroidUiautomator2Driver@58e9 (74b0150b)][0m Waiting up to 0 ms for condition
[debug] [38;5;32m[AndroidUiautomator2Driver@58e9 (74b0150b)][0m Matched '/element' to command name 'findElement'
[debug] [38;5;32m[AndroidUiautomator2Driver@58e9 (74b0150b)][0m Proxying [POST /element] to [POST http://127.0.0.1:8200/session/62ac2e3c-363d-4e5c-b338-33926d4a778b/element] with body: {"strategy":"xpath","selector":"//*[@text=\"Add note\"]","context":"","multiple":false}
[38;5;32m[AndroidUiautomator2Driver@58e9 (74b0150b)][0m Got response with status 404: {"sessionId":"62ac2e3c-363d-4e5c-b338-33926d4a778b","value":{"error":"no such element","message":"An element could not be located on the page using the given search parameters","stacktrace":"io.appium.uiautomator2.common.exceptions.ElementNotFoundException: An element could not be located on the page using the given search parameters\n\tat io.appium.uiautomator2.utils.ElementLocationHelpers.findElement(ElementLocationHelpers.java:156)\n\tat io.appium.uiautomator2.handler.FindElement.safeHandle(FindElement.java:60)\n\tat io.appium.uiautomator2.handler.request.SafeRequestHandler.handle(SafeRequestHandler.java:59)\n\tat io.appium.uiautomator2.server.AppiumServlet.handleRequest(AppiumServlet.java:277)\n\tat io.appium.uiautomator2.server.AppiumServlet.handleHttpRequest(AppiumServlet.java:271)\n\tat io.appium.uiautomator2.http.ServerHandler.channelRead(ServerHandler.java:68)\n\tat io.netty.channel.AbstractChannelHandlerContext.invokeChannelRead(AbstractChannelHandlerContext.java:366)\n\tat io.netty.channel.Abstr...
[debug] [38;5;128m[W3C][0m Matched W3C error code 'no such element' to NoSuchElementError
[debug] [38;5;32m[AndroidUiautomator2Driver@58e9 (74b0150b)][0m Encountered internal error running command: NoSuchElementError: An element could not be located on the page using the given search parameters.
[debug] [38;5;32m[AndroidUiautomator2Driver@58e9 (74b0150b)][0m     at AndroidUiautomator2Driver.findElOrEls (/Users/ramsha/appium_js/node_modules/appium-uiautomator2-driver/node_modules/appium-android-driver/lib/commands/find.js:75:11)
[debug] [38;5;32m[AndroidUiautomator2Driver@58e9 (74b0150b)][0m     at processTicksAndRejections (node:internal/process/task_queues:95:5)
[debug] [38;5;32m[AndroidUiautomator2Driver@58e9 (74b0150b)][0m     at AndroidUiautomator2Driver.findElOrElsWithProcessing (/Users/ramsha/appium_js/node_modules/@appium/base-driver/lib/basedriver/commands/find.ts:60:12)
[debug] [38;5;32m[AndroidUiautomator2Driver@58e9 (74b0150b)][0m     at AndroidUiautomator2Driver.findElement (/Users/ramsha/appium_js/node_modules/@appium/base-driver/lib/basedriver/commands/find.ts:75:12)
[38;5;0m[HTTP][0m [37m<-- POST /session/74b0150b-a379-4036-bbbc-50402d3625f6/element [39m[33m404[39m [90m615 ms - 791[39m
[38;5;0m[HTTP][0m [90m[39m
[38;5;0m[HTTP][0m [37m-->[39m [37mPOST[39m [37m/session/74b0150b-a379-4036-bbbc-50402d3625f6/element[39m
[38;5;0m[HTTP][0m [90m{"using":"xpath","value":"//*[@text=\"Add note\"]"}[39m
[debug] [38;5;32m[AndroidUiautomator2Driver@58e9 (74b0150b)][0m Calling AppiumDriver.findElement() with args: ["xpath","//*[@text=\"Add note\"]","74b0150b-a379-4036-bbbc-50402d3625f6"]
[debug] [38;5;32m[AndroidUiautomator2Driver@58e9 (74b0150b)][0m Valid locator strategies for this request: xpath, id, class name, accessibility id, css selector, -android uiautomator
[debug] [38;5;32m[AndroidUiautomator2Driver@58e9 (74b0150b)][0m Waiting up to 0 ms for condition
[debug] [38;5;32m[AndroidUiautomator2Driver@58e9 (74b0150b)][0m Matched '/element' to command name 'findElement'
[debug] [38;5;32m[AndroidUiautomator2Driver@58e9 (74b0150b)][0m Proxying [POST /element] to [POST http://127.0.0.1:8200/session/62ac2e3c-363d-4e5c-b338-33926d4a778b/element] with body: {"strategy":"xpath","selector":"//*[@text=\"Add note\"]","context":"","multiple":false}
[debug] [38;5;32m[AndroidUiautomator2Driver@58e9 (74b0150b)][0m Got response with status 200: {"sessionId":"62ac2e3c-363d-4e5c-b338-33926d4a778b","value":{"ELEMENT":"00000000-0000-003e-ffff-ffff0000005b","element-6066-11e4-a52e-4f735466cecf":"00000000-0000-003e-ffff-ffff0000005b"}}
[debug] [38;5;32m[AndroidUiautomator2Driver@58e9 (74b0150b)][0m Responding to client with driver.findElement() result: {"element-6066-11e4-a52e-4f735466cecf":"00000000-0000-003e-ffff-ffff0000005b","ELEMENT":"00000000-0000-003e-ffff-ffff0000005b"}
[38;5;0m[HTTP][0m [37m<-- POST /session/74b0150b-a379-4036-bbbc-50402d3625f6/element [39m[32m200[39m [90m276 ms - 137[39m
[38;5;0m[HTTP][0m [90m[39m
[38;5;0m[HTTP][0m [37m-->[39m [37mGET[39m [37m/session/74b0150b-a379-4036-bbbc-50402d3625f6/element/00000000-0000-003e-ffff-ffff0000005b/displayed[39m
[38;5;0m[HTTP][0m [90m{}[39m
[debug] [38;5;32m[AndroidUiautomator2Driver@58e9 (74b0150b)][0m Calling AppiumDriver.elementDisplayed() with args: ["00000000-0000-003e-ffff-ffff0000005b","74b0150b-a379-4036-bbbc-50402d3625f6"]
[debug] [38;5;32m[AndroidUiautomator2Driver@58e9 (74b0150b)][0m Matched '/element/00000000-0000-003e-ffff-ffff0000005b/attribute/displayed' to command name 'getAttribute'
[debug] [38;5;32m[AndroidUiautomator2Driver@58e9 (74b0150b)][0m Proxying [GET /element/00000000-0000-003e-ffff-ffff0000005b/attribute/displayed] to [GET http://127.0.0.1:8200/session/62ac2e3c-363d-4e5c-b338-33926d4a778b/element/00000000-0000-003e-ffff-ffff0000005b/attribute/displayed] with no body
[debug] [38;5;32m[AndroidUiautomator2Driver@58e9 (74b0150b)][0m Got response with status 200: {"sessionId":"62ac2e3c-363d-4e5c-b338-33926d4a778b","value":"true"}
[debug] [38;5;32m[AndroidUiautomator2Driver@58e9 (74b0150b)][0m Responding to client with driver.elementDisplayed() result: true
[38;5;0m[HTTP][0m [37m<-- GET /session/74b0150b-a379-4036-bbbc-50402d3625f6/element/00000000-0000-003e-ffff-ffff0000005b/displayed [39m[32m200[39m [90m315 ms - 14[39m
[38;5;0m[HTTP][0m [90m[39m
[38;5;0m[HTTP][0m [37m-->[39m [37mPOST[39m [37m/session/74b0150b-a379-4036-bbbc-50402d3625f6/element[39m
[38;5;0m[HTTP][0m [90m{"using":"xpath","value":"//*[@resource-id=\"com.socialnmobile.dictapps.notepad.color.note:id/icon_nav\"]"}[39m
[debug] [38;5;32m[AndroidUiautomator2Driver@58e9 (74b0150b)][0m Calling AppiumDriver.findElement() with args: ["xpath","//*[@resource-id=\"com.socialnmobile.dictapps.notepad.color.note:id/icon_nav\"]","74b0150b-a379-4036-bbbc-50402d3625f6"]
[debug] [38;5;32m[AndroidUiautomator2Driver@58e9 (74b0150b)][0m Valid locator strategies for this request: xpath, id, class name, accessibility id, css selector, -android uiautomator
[debug] [38;5;32m[AndroidUiautomator2Driver@58e9 (74b0150b)][0m Waiting up to 0 ms for condition
[debug] [38;5;32m[AndroidUiautomator2Driver@58e9 (74b0150b)][0m Matched '/element' to command name 'findElement'
[debug] [38;5;32m[AndroidUiautomator2Driver@58e9 (74b0150b)][0m Proxying [POST /element] to [POST http://127.0.0.1:8200/session/62ac2e3c-363d-4e5c-b338-33926d4a778b/element] with body: {"strategy":"xpath","selector":"//*[@resource-id=\"com.socialnmobile.dictapps.notepad.color.note:id/icon_nav\"]","context":"","multiple":false}
[debug] [38;5;32m[AndroidUiautomator2Driver@58e9 (74b0150b)][0m Got response with status 200: {"sessionId":"62ac2e3c-363d-4e5c-b338-33926d4a778b","value":{"ELEMENT":"00000000-0000-003e-ffff-ffff00000011","element-6066-11e4-a52e-4f735466cecf":"00000000-0000-003e-ffff-ffff00000011"}}
[debug] [38;5;32m[AndroidUiautomator2Driver@58e9 (74b0150b)][0m Responding to client with driver.findElement() result: {"element-6066-11e4-a52e-4f735466cecf":"00000000-0000-003e-ffff-ffff00000011","ELEMENT":"00000000-0000-003e-ffff-ffff00000011"}
[38;5;0m[HTTP][0m [37m<-- POST /session/74b0150b-a379-4036-bbbc-50402d3625f6/element [39m[32m200[39m [90m98 ms - 137[39m
[38;5;0m[HTTP][0m [90m[39m
[38;5;0m[HTTP][0m [37m-->[39m [37mPOST[39m [37m/session/74b0150b-a379-4036-bbbc-50402d3625f6/element/00000000-0000-003e-ffff-ffff00000011/click[39m
[38;5;0m[HTTP][0m [90m{}[39m
[debug] [38;5;32m[AndroidUiautomator2Driver@58e9 (74b0150b)][0m Calling AppiumDriver.click() with args: ["00000000-0000-003e-ffff-ffff00000011","74b0150b-a379-4036-bbbc-50402d3625f6"]
[debug] [38;5;32m[AndroidUiautomator2Driver@58e9 (74b0150b)][0m Matched '/element/00000000-0000-003e-ffff-ffff00000011/click' to command name 'click'
[debug] [38;5;32m[AndroidUiautomator2Driver@58e9 (74b0150b)][0m Proxying [POST /element/00000000-0000-003e-ffff-ffff00000011/click] to [POST http://127.0.0.1:8200/session/62ac2e3c-363d-4e5c-b338-33926d4a778b/element/00000000-0000-003e-ffff-ffff00000011/click] with body: {"element":"00000000-0000-003e-ffff-ffff00000011"}
[debug] [38;5;32m[AndroidUiautomator2Driver@58e9 (74b0150b)][0m Got response with status 200: {"sessionId":"62ac2e3c-363d-4e5c-b338-33926d4a778b","value":null}
[debug] [38;5;32m[AndroidUiautomator2Driver@58e9 (74b0150b)][0m Responding to client with driver.click() result: null
[38;5;0m[HTTP][0m [37m<-- POST /session/74b0150b-a379-4036-bbbc-50402d3625f6/element/00000000-0000-003e-ffff-ffff00000011/click [39m[32m200[39m [90m135 ms - 14[39m
[38;5;0m[HTTP][0m [90m[39m
[38;5;0m[HTTP][0m [37m-->[39m [37mPOST[39m [37m/session/74b0150b-a379-4036-bbbc-50402d3625f6/element[39m
[38;5;0m[HTTP][0m [90m{"using":"xpath","value":"//*[@text=\"Like us on Facebook\"]"}[39m
[debug] [38;5;32m[AndroidUiautomator2Driver@58e9 (74b0150b)][0m Calling AppiumDriver.findElement() with args: ["xpath","//*[@text=\"Like us on Facebook\"]","74b0150b-a379-4036-bbbc-50402d3625f6"]
[debug] [38;5;32m[AndroidUiautomator2Driver@58e9 (74b0150b)][0m Valid locator strategies for this request: xpath, id, class name, accessibility id, css selector, -android uiautomator
[debug] [38;5;32m[AndroidUiautomator2Driver@58e9 (74b0150b)][0m Waiting up to 0 ms for condition
[debug] [38;5;32m[AndroidUiautomator2Driver@58e9 (74b0150b)][0m Matched '/element' to command name 'findElement'
[debug] [38;5;32m[AndroidUiautomator2Driver@58e9 (74b0150b)][0m Proxying [POST /element] to [POST http://127.0.0.1:8200/session/62ac2e3c-363d-4e5c-b338-33926d4a778b/element] with body: {"strategy":"xpath","selector":"//*[@text=\"Like us on Facebook\"]","context":"","multiple":false}
[debug] [38;5;32m[AndroidUiautomator2Driver@58e9 (74b0150b)][0m Got response with status 200: {"sessionId":"62ac2e3c-363d-4e5c-b338-33926d4a778b","value":{"ELEMENT":"00000000-0000-003e-ffff-ffff00000085","element-6066-11e4-a52e-4f735466cecf":"00000000-0000-003e-ffff-ffff00000085"}}
[debug] [38;5;32m[AndroidUiautomator2Driver@58e9 (74b0150b)][0m Responding to client with driver.findElement() result: {"element-6066-11e4-a52e-4f735466cecf":"00000000-0000-003e-ffff-ffff00000085","ELEMENT":"00000000-0000-003e-ffff-ffff00000085"}
[38;5;0m[HTTP][0m [37m<-- POST /session/74b0150b-a379-4036-bbbc-50402d3625f6/element [39m[32m200[39m [90m1052 ms - 137[39m
[38;5;0m[HTTP][0m [90m[39m
[38;5;0m[HTTP][0m [37m-->[39m [37mPOST[39m [37m/session/74b0150b-a379-4036-bbbc-50402d3625f6/element/00000000-0000-003e-ffff-ffff00000085/click[39m
[38;5;0m[HTTP][0m [90m{}[39m
[debug] [38;5;32m[AndroidUiautomator2Driver@58e9 (74b0150b)][0m Calling AppiumDriver.click() with args: ["00000000-0000-003e-ffff-ffff00000085","74b0150b-a379-4036-bbbc-50402d3625f6"]
[debug] [38;5;32m[AndroidUiautomator2Driver@58e9 (74b0150b)][0m Matched '/element/00000000-0000-003e-ffff-ffff00000085/click' to command name 'click'
[debug] [38;5;32m[AndroidUiautomator2Driver@58e9 (74b0150b)][0m Proxying [POST /element/00000000-0000-003e-ffff-ffff00000085/click] to [POST http://127.0.0.1:8200/session/62ac2e3c-363d-4e5c-b338-33926d4a778b/element/00000000-0000-003e-ffff-ffff00000085/click] with body: {"element":"00000000-0000-003e-ffff-ffff00000085"}
[debug] [38;5;32m[AndroidUiautomator2Driver@58e9 (74b0150b)][0m Got response with status 200: {"sessionId":"62ac2e3c-363d-4e5c-b338-33926d4a778b","value":null}
[debug] [38;5;32m[AndroidUiautomator2Driver@58e9 (74b0150b)][0m Responding to client with driver.click() result: null
[38;5;0m[HTTP][0m [37m<-- POST /session/74b0150b-a379-4036-bbbc-50402d3625f6/element/00000000-0000-003e-ffff-ffff00000085/click [39m[32m200[39m [90m757 ms - 14[39m
[38;5;0m[HTTP][0m [90m[39m
[38;5;0m[HTTP][0m [37m-->[39m [37mGET[39m [37m/session/74b0150b-a379-4036-bbbc-50402d3625f6/contexts[39m
[38;5;0m[HTTP][0m [90m{}[39m
[debug] [38;5;32m[AndroidUiautomator2Driver@58e9 (74b0150b)][0m Calling AppiumDriver.getContexts() with args: ["74b0150b-a379-4036-bbbc-50402d3625f6"]
[debug] [38;5;80m[AndroidDriver][0m Getting a list of available webviews
[debug] [38;5;64m[ADB][0m Running '/Users/ramsha/Library/Android/sdk/platform-tools/adb -P 5037 -s emulator-5554 shell cat /proc/net/unix'
[debug] [38;5;80m[AndroidDriver][0m Parsed 1 active devtools socket: ["@chrome_devtools_remote"]
[debug] [38;5;80m[AndroidDriver][0m Collecting CDP data of 1 webview
[debug] [38;5;80m[AndroidDriver][0m Forwarding remote port chrome_devtools_remote to a local port in range 10900..11000
[debug] [38;5;80m[AndroidDriver][0m You could use the 'webviewDevtoolsPort' capability to customize the starting port number
[debug] [38;5;64m[ADB][0m Running '/Users/ramsha/Library/Android/sdk/platform-tools/adb -P 5037 -s emulator-5554 forward tcp:10900 localabstract:chrome_devtools_remote'
[debug] [38;5;64m[ADB][0m Removing forwarded port socket connection: 10900 
[debug] [38;5;64m[ADB][0m Running '/Users/ramsha/Library/Android/sdk/platform-tools/adb -P 5037 -s emulator-5554 forward --remove tcp:10900'
[debug] [38;5;80m[AndroidDriver][0m CDP data collection completed
[debug] [38;5;80m[AndroidDriver][0m Found 1 webview: ["WEBVIEW_chrome"]
[debug] [38;5;32m[AndroidUiautomator2Driver@58e9 (74b0150b)][0m Available contexts: ["NATIVE_APP","WEBVIEW_chrome"]
[debug] [38;5;32m[AndroidUiautomator2Driver@58e9 (74b0150b)][0m Responding to client with driver.getContexts() result: ["NATIVE_APP","WEBVIEW_chrome"]
[38;5;0m[HTTP][0m [37m<-- GET /session/74b0150b-a379-4036-bbbc-50402d3625f6/contexts [39m[32m200[39m [90m520 ms - 41[39m
[38;5;0m[HTTP][0m [90m[39m
[38;5;0m[HTTP][0m [37m-->[39m [37mPOST[39m [37m/session/74b0150b-a379-4036-bbbc-50402d3625f6/context[39m
[38;5;0m[HTTP][0m [90m{"name":"WEBVIEW_chrome"}[39m
[debug] [38;5;32m[AndroidUiautomator2Driver@58e9 (74b0150b)][0m Calling AppiumDriver.setContext() with args: ["WEBVIEW_chrome","74b0150b-a379-4036-bbbc-50402d3625f6"]
[debug] [38;5;80m[AndroidDriver][0m Getting a list of available webviews
[debug] [38;5;64m[ADB][0m Running '/Users/ramsha/Library/Android/sdk/platform-tools/adb -P 5037 -s emulator-5554 shell cat /proc/net/unix'
[debug] [38;5;80m[AndroidDriver][0m Parsed 1 active devtools socket: ["@chrome_devtools_remote"]
[debug] [38;5;80m[AndroidDriver][0m Collecting CDP data of 1 webview
[debug] [38;5;80m[AndroidDriver][0m Forwarding remote port chrome_devtools_remote to a local port in range 10900..11000
[debug] [38;5;80m[AndroidDriver][0m You could use the 'webviewDevtoolsPort' capability to customize the starting port number
[debug] [38;5;64m[ADB][0m Running '/Users/ramsha/Library/Android/sdk/platform-tools/adb -P 5037 -s emulator-5554 forward tcp:10900 localabstract:chrome_devtools_remote'
[debug] [38;5;64m[ADB][0m Removing forwarded port socket connection: 10900 
[debug] [38;5;64m[ADB][0m Running '/Users/ramsha/Library/Android/sdk/platform-tools/adb -P 5037 -s emulator-5554 forward --remove tcp:10900'
[debug] [38;5;80m[AndroidDriver][0m CDP data collection completed
[debug] [38;5;80m[AndroidDriver][0m Found 1 webview: ["WEBVIEW_chrome"]
[debug] [38;5;32m[AndroidUiautomator2Driver@58e9 (74b0150b)][0m Available contexts: ["NATIVE_APP","WEBVIEW_chrome"]
[debug] [38;5;32m[AndroidUiautomator2Driver@58e9 (74b0150b)][0m Connecting to chrome-backed webview context 'WEBVIEW_chrome'
[debug] [38;5;32m[AndroidUiautomator2Driver@58e9 (74b0150b)][0m Identified chromeAndroidPackage as 'com.android.chrome' for context 'WEBVIEW_chrome' by CDP
[debug] [38;5;32m[AndroidUiautomator2Driver@58e9 (74b0150b)][0m A port was not given, using random free port: 8000
[debug] [38;5;32m[AndroidUiautomator2Driver@58e9 (74b0150b)][0m Passing web view details to the Chromedriver constructor: {
[debug] [38;5;32m[AndroidUiautomator2Driver@58e9 (74b0150b)][0m   "info": {
[debug] [38;5;32m[AndroidUiautomator2Driver@58e9 (74b0150b)][0m     "Android-Package": "com.android.chrome",
[debug] [38;5;32m[AndroidUiautomator2Driver@58e9 (74b0150b)][0m     "Browser": "Chrome/83.0.4103.106",
[debug] [38;5;32m[AndroidUiautomator2Driver@58e9 (74b0150b)][0m     "Protocol-Version": "1.3",
[debug] [38;5;32m[AndroidUiautomator2Driver@58e9 (74b0150b)][0m     "User-Agent": "Mozilla/5.0 (Linux; Android 11; sdk_gphone_x86_arm) AppleWebKit/537.36 (KHTML, like Gecko) Chrome/83.0.4103.106 Mobile Safari/537.36",
[debug] [38;5;32m[AndroidUiautomator2Driver@58e9 (74b0150b)][0m     "V8-Version": "8.3.110.13",
[debug] [38;5;32m[AndroidUiautomator2Driver@58e9 (74b0150b)][0m     "WebKit-Version": "537.36 (@ce7134bb3d95141cd18f1e65772a4247f282d950)",
[debug] [38;5;32m[AndroidUiautomator2Driver@58e9 (74b0150b)][0m     "webSocketDebuggerUrl": "ws://127.0.0.1:10900/devtools/browser"
[debug] [38;5;32m[AndroidUiautomator2Driver@58e9 (74b0150b)][0m   },
[debug] [38;5;32m[AndroidUiautomator2Driver@58e9 (74b0150b)][0m   "process": {
[debug] [38;5;32m[AndroidUiautomator2Driver@58e9 (74b0150b)][0m     "name": "chrome",
[debug] [38;5;32m[AndroidUiautomator2Driver@58e9 (74b0150b)][0m     "id": null
[debug] [38;5;32m[AndroidUiautomator2Driver@58e9 (74b0150b)][0m   }
[debug] [38;5;32m[AndroidUiautomator2Driver@58e9 (74b0150b)][0m }
[debug] [38;5;80m[AndroidDriver][0m Precalculated Chromedriver capabilities: {
[debug] [38;5;80m[AndroidDriver][0m   "androidPackage": "com.android.chrome",
[debug] [38;5;80m[AndroidDriver][0m   "androidUseRunningApp": true,
[debug] [38;5;80m[AndroidDriver][0m   "androidDeviceSerial": "emulator-5554"
[debug] [38;5;80m[AndroidDriver][0m }
[debug] [38;5;32m[AndroidUiautomator2Driver@58e9 (74b0150b)][0m Before starting chromedriver, androidPackage is 'com.android.chrome'
[debug] [38;5;144m[Chromedriver@5ab0][0m Changed state to 'starting'
[debug] [38;5;144m[Chromedriver@5ab0][0m Using the static Chromedriver->Chrome mapping
[debug] [38;5;144m[Chromedriver@5ab0][0m The most recent known Chrome version: 114.0.5735
[debug] [38;5;144m[Chromedriver@5ab0][0m Found 3 executables in '/Users/ramsha/appium_js/node_modules/appium-uiautomator2-driver/node_modules/appium-chromedriver/chromedriver/mac'
[debug] [38;5;144m[Chromedriver@5ab0][0m The following Chromedriver executables were found:
[debug] [38;5;144m[Chromedriver@5ab0][0m     '/Users/ramsha/appium_js/node_modules/appium-uiautomator2-driver/node_modules/appium-chromedriver/chromedriver/mac/chromedriver_mac64_v114.0.5735.90' (version '114.0.5735.90', minimum Chrome version '114.0.5735')
[debug] [38;5;144m[Chromedriver@5ab0][0m     '/Users/ramsha/appium_js/node_modules/appium-uiautomator2-driver/node_modules/appium-chromedriver/chromedriver/mac/chromedriver_mac64_v83.0.4103.39' (version '83.0.4103.39', minimum Chrome version '83.0.4103')
[debug] [38;5;144m[Chromedriver@5ab0][0m     '/Users/ramsha/appium_js/node_modules/appium-uiautomator2-driver/node_modules/appium-chromedriver/chromedriver/mac/chromedriver_mac64_v83.0.4103.14' (version '83.0.4103.14', minimum Chrome version '83')
[38;5;144m[Chromedriver@5ab0][0m Found 1 Chromedriver, which is missing in the list of known versions: {"83.0.4103.14":"83"}
[38;5;144m[Chromedriver@5ab0][0m No mapping path provided
[debug] [38;5;144m[Chromedriver@5ab0][0m Browser version in the supplied details: Chrome/83.0.4103.106
[debug] [38;5;144m[Chromedriver@5ab0][0m Found Chrome bundle 'undefined' version '83.0.4103'
[debug] [38;5;144m[Chromedriver@5ab0][0m Found 2 executables capable of automating Chrome '83.0.4103'.
[debug] [38;5;144m[Chromedriver@5ab0][0m Choosing the most recent, '/Users/ramsha/appium_js/node_modules/appium-uiautomator2-driver/node_modules/appium-chromedriver/chromedriver/mac/chromedriver_mac64_v83.0.4103.39'.
[debug] [38;5;144m[Chromedriver@5ab0][0m If a specific version is required, specify it with the `chromedriverExecutable`desired capability.
[38;5;144m[Chromedriver@5ab0][0m Set chromedriver binary as: /Users/ramsha/appium_js/node_modules/appium-uiautomator2-driver/node_modules/appium-chromedriver/chromedriver/mac/chromedriver_mac64_v83.0.4103.39
[debug] [38;5;144m[Chromedriver@5ab0][0m Killing any old chromedrivers, running: pkill -15 -f "/Users/ramsha/appium_js/node_modules/appium-uiautomator2-driver/node_modules/appium-chromedriver/chromedriver/mac/chromedriver_mac64_v83.0.4103.39.*--port=8000"
[38;5;144m[Chromedriver@5ab0][0m No old chromedrivers seem to exist
[debug] [38;5;144m[Chromedriver@5ab0][0m Cleaning this device's adb forwarded port socket connections: emulator-5554
[debug] [38;5;64m[ADB][0m List forwarding ports
[debug] [38;5;64m[ADB][0m Running '/Users/ramsha/Library/Android/sdk/platform-tools/adb -P 5037 -s emulator-5554 forward --list'
[38;5;144m[Chromedriver@5ab0][0m Spawning chromedriver with: /Users/ramsha/appium_js/node_modules/appium-uiautomator2-driver/node_modules/appium-chromedriver/chromedriver/mac/chromedriver_mac64_v83.0.4103.39 --port=8000 --adb-port=5037 --verbose
[debug] [38;5;144m[Chromedriver@5ab0][0m ChromeDriver version: '83.0.4103.39'
[debug] [38;5;144m[Chromedriver@5ab0][0m Matched '/status' to command name 'getStatus'
[debug] [38;5;144m[Chromedriver@5ab0][0m Proxying [GET /status] to [GET http://127.0.0.1:8000/status] with no body
[38;5;144m[Chromedriver@5ab0][0m connect ECONNREFUSED 127.0.0.1:8000
[debug] [38;5;144m[Chromedriver@5ab0][0m Matched '/status' to command name 'getStatus'
[debug] [38;5;144m[Chromedriver@5ab0][0m Proxying [GET /status] to [GET http://127.0.0.1:8000/status] with no body
[debug] [38;5;144m[Chromedriver@5ab0][0m Got response with status 200: {"value":{"build":{"version":"83.0.4103.39 (ccbf011cb2d2b19b506d844400483861342c20cd-refs/branch-heads/4103@{#416})"},"message":"ChromeDriver ready for new sessions.","os":{"arch":"x86_64","name":"Mac OS X","version":"10.16.0"},"ready":true}}
[38;5;144m[Chromedriver@5ab0][0m Starting W3C Chromedriver session with capabilities: {
[38;5;144m[Chromedriver@5ab0][0m   "capabilities": {
[38;5;144m[Chromedriver@5ab0][0m     "alwaysMatch": {
[38;5;144m[Chromedriver@5ab0][0m       "goog:chromeOptions": {
[38;5;144m[Chromedriver@5ab0][0m         "androidPackage": "com.android.chrome",
[38;5;144m[Chromedriver@5ab0][0m         "androidUseRunningApp": true,
[38;5;144m[Chromedriver@5ab0][0m         "androidDeviceSerial": "emulator-5554"
[38;5;144m[Chromedriver@5ab0][0m       },
[38;5;144m[Chromedriver@5ab0][0m       "goog:loggingPrefs": {
[38;5;144m[Chromedriver@5ab0][0m         "browser": "ALL"
[38;5;144m[Chromedriver@5ab0][0m       }
[38;5;144m[Chromedriver@5ab0][0m     }
[38;5;144m[Chromedriver@5ab0][0m   }
[38;5;144m[Chromedriver@5ab0][0m }
[debug] [38;5;144m[Chromedriver@5ab0][0m Matched '/session' to command name 'createSession'
[debug] [38;5;144m[Chromedriver@5ab0][0m Proxying [POST /session] to [POST http://127.0.0.1:8000/session] with body: {"capabilities":{"alwaysMatch":{"goog:chromeOptions":{"androidPackage":"com.android.chrome","androidUseRunningApp":true,"androidDeviceSerial":"emulator-5554"},"goog:loggingPrefs":{"browser":"ALL"}}}}
[debug] [38;5;144m[Chromedriver@5ab0][0m Webview version: 'Chrome/83.0.4103.106'
[debug] [38;5;144m[Chromedriver@5ab0][0m Got response with status 200: {"value":{"capabilities":{"acceptInsecureCerts":false,"browserName":"chrome","browserVersion":"83.0.4103.106","chrome":{"chromedriverVersion":"83.0.4103.39 (ccbf011cb2d2b19b506d844400483861342c20cd-refs/branch-heads/4103@{#416})"},"goog:chromeOptions":{"debuggerAddress":"localhost:59261"},"pageLoadStrategy":"normal","platformName":"android","proxy":{},"setWindowRect":false,"strictFileInteractability":false,"timeouts":{"implicit":0,"pageLoad":300000,"script":30000},"unhandledPromptBehavior":"dismiss and notify","webauthn:virtualAuthenticators":false},"sessionId":"95991eefac65a71062d5cf098def15af"}}
[38;5;144m[Chromedriver@5ab0][0m Determined the downstream protocol as 'W3C'
[debug] [38;5;144m[Chromedriver@5ab0 (95991eef)][0m Changed state to 'online'
[debug] [38;5;32m[AndroidUiautomator2Driver@58e9 (74b0150b)][0m Responding to client with driver.setContext() result: null
[38;5;0m[HTTP][0m [37m<-- POST /session/74b0150b-a379-4036-bbbc-50402d3625f6/context [39m[32m200[39m [90m3193 ms - 14[39m
[38;5;0m[HTTP][0m [90m[39m
[38;5;0m[HTTP][0m [37m-->[39m [37mPOST[39m [37m/session/74b0150b-a379-4036-bbbc-50402d3625f6/element[39m
[38;5;0m[HTTP][0m [90m{"using":"css selector","value":".img.coverPhoto"}[39m
[38;5;32m[AndroidUiautomator2Driver@58e9 (74b0150b)][0m Driver proxy active, passing request on via HTTP proxy
[debug] [38;5;144m[Chromedriver@5ab0 (95991eef)][0m Matched '/session/74b0150b-a379-4036-bbbc-50402d3625f6/element' to command name 'findElement'
[debug] [38;5;144m[Chromedriver@5ab0 (95991eef)][0m Proxying [POST /session/74b0150b-a379-4036-bbbc-50402d3625f6/element] to [POST http://127.0.0.1:8000/session/95991eefac65a71062d5cf098def15af/element] with body: {"using":"css selector","value":".img.coverPhoto"}
[38;5;144m[Chromedriver@5ab0 (95991eef)][0m Got response with status 404: {"value":{"error":"no such element","message":"no such element: Unable to locate element: {\"method\":\"css selector\",\"selector\":\".img.coverPhoto\"}\n  (Session info: chrome=83.0.4103.106)","stacktrace":"0   chromedriver_mac64_v83.0.4103.39    0x00000001087f3e99 chromedriver_mac64_v83.0.4103.39 + 4808345\n1   chromedriver_mac64_v83.0.4103.39    0x000000010878e5f3 chromedriver_mac64_v83.0.4103.39 + 4392435\n2   chromedriver_mac64_v83.0.4103.39    0x000000010841a29d chromedriver_mac64_v83.0.4103.39 + 770717\n3   chromedriver_mac64_v83.0.4103.39    0x0000000108383c51 chromedriver_mac64_v83.0.4103.39 + 154705\n4   chromedriver_mac64_v83.0.4103.39    0x00000001083ae9f7 chromedriver_mac64_v83.0.4103.39 + 330231\n5   chromedriver_mac64_v83.0.4103.39    0x000000010839ffdd chromedriver_mac64_v83.0.4103.39 + 270301\n6   chromedriver_mac64_v83.0.4103.39    0x00000001083acad8 chromedriver_mac64_v83.0.4103.39 + 322264\n7   chromedriver_mac64_v83.0.4103.39    0x00000001083a02a3 chromedriver_mac64_v83.0.4103.39 + 271...
[debug] [38;5;128m[W3C][0m Matched W3C error code 'no such element' to NoSuchElementError
[38;5;0m[HTTP][0m [37m<-- POST /session/74b0150b-a379-4036-bbbc-50402d3625f6/element [39m[33m404[39m [90m3865 ms - 2216[39m
[38;5;0m[HTTP][0m [90m[39m
[38;5;0m[HTTP][0m [37m-->[39m [37mPOST[39m [37m/session/74b0150b-a379-4036-bbbc-50402d3625f6/element[39m
[38;5;0m[HTTP][0m [90m{"using":"css selector","value":".img.coverPhoto"}[39m
[38;5;32m[AndroidUiautomator2Driver@58e9 (74b0150b)][0m Driver proxy active, passing request on via HTTP proxy
[debug] [38;5;144m[Chromedriver@5ab0 (95991eef)][0m Matched '/session/74b0150b-a379-4036-bbbc-50402d3625f6/element' to command name 'findElement'
[debug] [38;5;144m[Chromedriver@5ab0 (95991eef)][0m Proxying [POST /session/74b0150b-a379-4036-bbbc-50402d3625f6/element] to [POST http://127.0.0.1:8000/session/95991eefac65a71062d5cf098def15af/element] with body: {"using":"css selector","value":".img.coverPhoto"}
[38;5;144m[Chromedriver@5ab0 (95991eef)][0m Got response with status 404: {"value":{"error":"no such element","message":"no such element: Unable to locate element: {\"method\":\"css selector\",\"selector\":\".img.coverPhoto\"}\n  (Session info: chrome=83.0.4103.106)","stacktrace":"0   chromedriver_mac64_v83.0.4103.39    0x00000001087f3e99 chromedriver_mac64_v83.0.4103.39 + 4808345\n1   chromedriver_mac64_v83.0.4103.39    0x000000010878e5f3 chromedriver_mac64_v83.0.4103.39 + 4392435\n2   chromedriver_mac64_v83.0.4103.39    0x000000010841a29d chromedriver_mac64_v83.0.4103.39 + 770717\n3   chromedriver_mac64_v83.0.4103.39    0x0000000108383c51 chromedriver_mac64_v83.0.4103.39 + 154705\n4   chromedriver_mac64_v83.0.4103.39    0x00000001083ae9f7 chromedriver_mac64_v83.0.4103.39 + 330231\n5   chromedriver_mac64_v83.0.4103.39    0x000000010839ffdd chromedriver_mac64_v83.0.4103.39 + 270301\n6   chromedriver_mac64_v83.0.4103.39    0x00000001083acad8 chromedriver_mac64_v83.0.4103.39 + 322264\n7   chromedriver_mac64_v83.0.4103.39    0x00000001083a02a3 chromedriver_mac64_v83.0.4103.39 + 271...
[debug] [38;5;128m[W3C][0m Matched W3C error code 'no such element' to NoSuchElementError
[38;5;0m[HTTP][0m [37m<-- POST /session/74b0150b-a379-4036-bbbc-50402d3625f6/element [39m[33m404[39m [90m2064 ms - 2216[39m
[38;5;0m[HTTP][0m [90m[39m
[38;5;0m[HTTP][0m [37m-->[39m [37mPOST[39m [37m/session/74b0150b-a379-4036-bbbc-50402d3625f6/element[39m
[38;5;0m[HTTP][0m [90m{"using":"css selector","value":".img.coverPhoto"}[39m
[38;5;32m[AndroidUiautomator2Driver@58e9 (74b0150b)][0m Driver proxy active, passing request on via HTTP proxy
[debug] [38;5;144m[Chromedriver@5ab0 (95991eef)][0m Matched '/session/74b0150b-a379-4036-bbbc-50402d3625f6/element' to command name 'findElement'
[debug] [38;5;144m[Chromedriver@5ab0 (95991eef)][0m Proxying [POST /session/74b0150b-a379-4036-bbbc-50402d3625f6/element] to [POST http://127.0.0.1:8000/session/95991eefac65a71062d5cf098def15af/element] with body: {"using":"css selector","value":".img.coverPhoto"}
[38;5;144m[Chromedriver@5ab0 (95991eef)][0m Got response with status 404: {"value":{"error":"no such element","message":"no such element: Unable to locate element: {\"method\":\"css selector\",\"selector\":\".img.coverPhoto\"}\n  (Session info: chrome=83.0.4103.106)","stacktrace":"0   chromedriver_mac64_v83.0.4103.39    0x00000001087f3e99 chromedriver_mac64_v83.0.4103.39 + 4808345\n1   chromedriver_mac64_v83.0.4103.39    0x000000010878e5f3 chromedriver_mac64_v83.0.4103.39 + 4392435\n2   chromedriver_mac64_v83.0.4103.39    0x000000010841a29d chromedriver_mac64_v83.0.4103.39 + 770717\n3   chromedriver_mac64_v83.0.4103.39    0x0000000108383c51 chromedriver_mac64_v83.0.4103.39 + 154705\n4   chromedriver_mac64_v83.0.4103.39    0x00000001083ae9f7 chromedriver_mac64_v83.0.4103.39 + 330231\n5   chromedriver_mac64_v83.0.4103.39    0x000000010839ffdd chromedriver_mac64_v83.0.4103.39 + 270301\n6   chromedriver_mac64_v83.0.4103.39    0x00000001083acad8 chromedriver_mac64_v83.0.4103.39 + 322264\n7   chromedriver_mac64_v83.0.4103.39    0x00000001083a02a3 chromedriver_mac64_v83.0.4103.39 + 271...
[debug] [38;5;128m[W3C][0m Matched W3C error code 'no such element' to NoSuchElementError
[38;5;0m[HTTP][0m [37m<-- POST /session/74b0150b-a379-4036-bbbc-50402d3625f6/element [39m[33m404[39m [90m46 ms - 2216[39m
[38;5;0m[HTTP][0m [90m[39m
[38;5;0m[HTTP][0m [37m-->[39m [37mPOST[39m [37m/session/74b0150b-a379-4036-bbbc-50402d3625f6/element[39m
[38;5;0m[HTTP][0m [90m{"using":"css selector","value":".img.coverPhoto"}[39m
[38;5;32m[AndroidUiautomator2Driver@58e9 (74b0150b)][0m Driver proxy active, passing request on via HTTP proxy
[debug] [38;5;144m[Chromedriver@5ab0 (95991eef)][0m Matched '/session/74b0150b-a379-4036-bbbc-50402d3625f6/element' to command name 'findElement'
[debug] [38;5;144m[Chromedriver@5ab0 (95991eef)][0m Proxying [POST /session/74b0150b-a379-4036-bbbc-50402d3625f6/element] to [POST http://127.0.0.1:8000/session/95991eefac65a71062d5cf098def15af/element] with body: {"using":"css selector","value":".img.coverPhoto"}
[38;5;144m[Chromedriver@5ab0 (95991eef)][0m Got response with status 404: {"value":{"error":"no such element","message":"no such element: Unable to locate element: {\"method\":\"css selector\",\"selector\":\".img.coverPhoto\"}\n  (Session info: chrome=83.0.4103.106)","stacktrace":"0   chromedriver_mac64_v83.0.4103.39    0x00000001087f3e99 chromedriver_mac64_v83.0.4103.39 + 4808345\n1   chromedriver_mac64_v83.0.4103.39    0x000000010878e5f3 chromedriver_mac64_v83.0.4103.39 + 4392435\n2   chromedriver_mac64_v83.0.4103.39    0x000000010841a29d chromedriver_mac64_v83.0.4103.39 + 770717\n3   chromedriver_mac64_v83.0.4103.39    0x0000000108383c51 chromedriver_mac64_v83.0.4103.39 + 154705\n4   chromedriver_mac64_v83.0.4103.39    0x00000001083ae9f7 chromedriver_mac64_v83.0.4103.39 + 330231\n5   chromedriver_mac64_v83.0.4103.39    0x000000010839ffdd chromedriver_mac64_v83.0.4103.39 + 270301\n6   chromedriver_mac64_v83.0.4103.39    0x00000001083acad8 chromedriver_mac64_v83.0.4103.39 + 322264\n7   chromedriver_mac64_v83.0.4103.39    0x00000001083a02a3 chromedriver_mac64_v83.0.4103.39 + 271...
[debug] [38;5;128m[W3C][0m Matched W3C error code 'no such element' to NoSuchElementError
[38;5;0m[HTTP][0m [37m<-- POST /session/74b0150b-a379-4036-bbbc-50402d3625f6/element [39m[33m404[39m [90m52 ms - 2216[39m
[38;5;0m[HTTP][0m [90m[39m
[38;5;0m[HTTP][0m [37m-->[39m [37mPOST[39m [37m/session/74b0150b-a379-4036-bbbc-50402d3625f6/element[39m
[38;5;0m[HTTP][0m [90m{"using":"css selector","value":".img.coverPhoto"}[39m
[38;5;32m[AndroidUiautomator2Driver@58e9 (74b0150b)][0m Driver proxy active, passing request on via HTTP proxy
[debug] [38;5;144m[Chromedriver@5ab0 (95991eef)][0m Matched '/session/74b0150b-a379-4036-bbbc-50402d3625f6/element' to command name 'findElement'
[debug] [38;5;144m[Chromedriver@5ab0 (95991eef)][0m Proxying [POST /session/74b0150b-a379-4036-bbbc-50402d3625f6/element] to [POST http://127.0.0.1:8000/session/95991eefac65a71062d5cf098def15af/element] with body: {"using":"css selector","value":".img.coverPhoto"}
[38;5;144m[Chromedriver@5ab0 (95991eef)][0m Got response with status 404: {"value":{"error":"no such element","message":"no such element: Unable to locate element: {\"method\":\"css selector\",\"selector\":\".img.coverPhoto\"}\n  (Session info: chrome=83.0.4103.106)","stacktrace":"0   chromedriver_mac64_v83.0.4103.39    0x00000001087f3e99 chromedriver_mac64_v83.0.4103.39 + 4808345\n1   chromedriver_mac64_v83.0.4103.39    0x000000010878e5f3 chromedriver_mac64_v83.0.4103.39 + 4392435\n2   chromedriver_mac64_v83.0.4103.39    0x000000010841a29d chromedriver_mac64_v83.0.4103.39 + 770717\n3   chromedriver_mac64_v83.0.4103.39    0x0000000108383c51 chromedriver_mac64_v83.0.4103.39 + 154705\n4   chromedriver_mac64_v83.0.4103.39    0x00000001083ae9f7 chromedriver_mac64_v83.0.4103.39 + 330231\n5   chromedriver_mac64_v83.0.4103.39    0x000000010839ffdd chromedriver_mac64_v83.0.4103.39 + 270301\n6   chromedriver_mac64_v83.0.4103.39    0x00000001083acad8 chromedriver_mac64_v83.0.4103.39 + 322264\n7   chromedriver_mac64_v83.0.4103.39    0x00000001083a02a3 chromedriver_mac64_v83.0.4103.39 + 271...
[debug] [38;5;128m[W3C][0m Matched W3C error code 'no such element' to NoSuchElementError
[38;5;0m[HTTP][0m [37m<-- POST /session/74b0150b-a379-4036-bbbc-50402d3625f6/element [39m[33m404[39m [90m41 ms - 2216[39m
[38;5;0m[HTTP][0m [90m[39m
[38;5;0m[HTTP][0m [37m-->[39m [37mPOST[39m [37m/session/74b0150b-a379-4036-bbbc-50402d3625f6/element[39m
[38;5;0m[HTTP][0m [90m{"using":"css selector","value":".img.coverPhoto"}[39m
[38;5;32m[AndroidUiautomator2Driver@58e9 (74b0150b)][0m Driver proxy active, passing request on via HTTP proxy
[debug] [38;5;144m[Chromedriver@5ab0 (95991eef)][0m Matched '/session/74b0150b-a379-4036-bbbc-50402d3625f6/element' to command name 'findElement'
[debug] [38;5;144m[Chromedriver@5ab0 (95991eef)][0m Proxying [POST /session/74b0150b-a379-4036-bbbc-50402d3625f6/element] to [POST http://127.0.0.1:8000/session/95991eefac65a71062d5cf098def15af/element] with body: {"using":"css selector","value":".img.coverPhoto"}
[38;5;144m[Chromedriver@5ab0 (95991eef)][0m Got response with status 404: {"value":{"error":"no such element","message":"no such element: Unable to locate element: {\"method\":\"css selector\",\"selector\":\".img.coverPhoto\"}\n  (Session info: chrome=83.0.4103.106)","stacktrace":"0   chromedriver_mac64_v83.0.4103.39    0x00000001087f3e99 chromedriver_mac64_v83.0.4103.39 + 4808345\n1   chromedriver_mac64_v83.0.4103.39    0x000000010878e5f3 chromedriver_mac64_v83.0.4103.39 + 4392435\n2   chromedriver_mac64_v83.0.4103.39    0x000000010841a29d chromedriver_mac64_v83.0.4103.39 + 770717\n3   chromedriver_mac64_v83.0.4103.39    0x0000000108383c51 chromedriver_mac64_v83.0.4103.39 + 154705\n4   chromedriver_mac64_v83.0.4103.39    0x00000001083ae9f7 chromedriver_mac64_v83.0.4103.39 + 330231\n5   chromedriver_mac64_v83.0.4103.39    0x000000010839ffdd chromedriver_mac64_v83.0.4103.39 + 270301\n6   chromedriver_mac64_v83.0.4103.39    0x00000001083acad8 chromedriver_mac64_v83.0.4103.39 + 322264\n7   chromedriver_mac64_v83.0.4103.39    0x00000001083a02a3 chromedriver_mac64_v83.0.4103.39 + 271...
[debug] [38;5;128m[W3C][0m Matched W3C error code 'no such element' to NoSuchElementError
[38;5;0m[HTTP][0m [37m<-- POST /session/74b0150b-a379-4036-bbbc-50402d3625f6/element [39m[33m404[39m [90m40 ms - 2216[39m
[38;5;0m[HTTP][0m [90m[39m
[38;5;0m[HTTP][0m [37m-->[39m [37mPOST[39m [37m/session/74b0150b-a379-4036-bbbc-50402d3625f6/element[39m
[38;5;0m[HTTP][0m [90m{"using":"css selector","value":".img.coverPhoto"}[39m
[38;5;32m[AndroidUiautomator2Driver@58e9 (74b0150b)][0m Driver proxy active, passing request on via HTTP proxy
[debug] [38;5;144m[Chromedriver@5ab0 (95991eef)][0m Matched '/session/74b0150b-a379-4036-bbbc-50402d3625f6/element' to command name 'findElement'
[debug] [38;5;144m[Chromedriver@5ab0 (95991eef)][0m Proxying [POST /session/74b0150b-a379-4036-bbbc-50402d3625f6/element] to [POST http://127.0.0.1:8000/session/95991eefac65a71062d5cf098def15af/element] with body: {"using":"css selector","value":".img.coverPhoto"}
[38;5;144m[Chromedriver@5ab0 (95991eef)][0m Got response with status 404: {"value":{"error":"no such element","message":"no such element: Unable to locate element: {\"method\":\"css selector\",\"selector\":\".img.coverPhoto\"}\n  (Session info: chrome=83.0.4103.106)","stacktrace":"0   chromedriver_mac64_v83.0.4103.39    0x00000001087f3e99 chromedriver_mac64_v83.0.4103.39 + 4808345\n1   chromedriver_mac64_v83.0.4103.39    0x000000010878e5f3 chromedriver_mac64_v83.0.4103.39 + 4392435\n2   chromedriver_mac64_v83.0.4103.39    0x000000010841a29d chromedriver_mac64_v83.0.4103.39 + 770717\n3   chromedriver_mac64_v83.0.4103.39    0x0000000108383c51 chromedriver_mac64_v83.0.4103.39 + 154705\n4   chromedriver_mac64_v83.0.4103.39    0x00000001083ae9f7 chromedriver_mac64_v83.0.4103.39 + 330231\n5   chromedriver_mac64_v83.0.4103.39    0x000000010839ffdd chromedriver_mac64_v83.0.4103.39 + 270301\n6   chromedriver_mac64_v83.0.4103.39    0x00000001083acad8 chromedriver_mac64_v83.0.4103.39 + 322264\n7   chromedriver_mac64_v83.0.4103.39    0x00000001083a02a3 chromedriver_mac64_v83.0.4103.39 + 271...
[debug] [38;5;128m[W3C][0m Matched W3C error code 'no such element' to NoSuchElementError
[38;5;0m[HTTP][0m [37m<-- POST /session/74b0150b-a379-4036-bbbc-50402d3625f6/element [39m[33m404[39m [90m42 ms - 2216[39m
[38;5;0m[HTTP][0m [90m[39m
[38;5;0m[HTTP][0m [37m-->[39m [37mPOST[39m [37m/session/74b0150b-a379-4036-bbbc-50402d3625f6/element[39m
[38;5;0m[HTTP][0m [90m{"using":"css selector","value":".img.coverPhoto"}[39m
[38;5;32m[AndroidUiautomator2Driver@58e9 (74b0150b)][0m Driver proxy active, passing request on via HTTP proxy
[debug] [38;5;144m[Chromedriver@5ab0 (95991eef)][0m Matched '/session/74b0150b-a379-4036-bbbc-50402d3625f6/element' to command name 'findElement'
[debug] [38;5;144m[Chromedriver@5ab0 (95991eef)][0m Proxying [POST /session/74b0150b-a379-4036-bbbc-50402d3625f6/element] to [POST http://127.0.0.1:8000/session/95991eefac65a71062d5cf098def15af/element] with body: {"using":"css selector","value":".img.coverPhoto"}
[38;5;144m[Chromedriver@5ab0 (95991eef)][0m Got response with status 404: {"value":{"error":"no such element","message":"no such element: Unable to locate element: {\"method\":\"css selector\",\"selector\":\".img.coverPhoto\"}\n  (Session info: chrome=83.0.4103.106)","stacktrace":"0   chromedriver_mac64_v83.0.4103.39    0x00000001087f3e99 chromedriver_mac64_v83.0.4103.39 + 4808345\n1   chromedriver_mac64_v83.0.4103.39    0x000000010878e5f3 chromedriver_mac64_v83.0.4103.39 + 4392435\n2   chromedriver_mac64_v83.0.4103.39    0x000000010841a29d chromedriver_mac64_v83.0.4103.39 + 770717\n3   chromedriver_mac64_v83.0.4103.39    0x0000000108383c51 chromedriver_mac64_v83.0.4103.39 + 154705\n4   chromedriver_mac64_v83.0.4103.39    0x00000001083ae9f7 chromedriver_mac64_v83.0.4103.39 + 330231\n5   chromedriver_mac64_v83.0.4103.39    0x000000010839ffdd chromedriver_mac64_v83.0.4103.39 + 270301\n6   chromedriver_mac64_v83.0.4103.39    0x00000001083acad8 chromedriver_mac64_v83.0.4103.39 + 322264\n7   chromedriver_mac64_v83.0.4103.39    0x00000001083a02a3 chromedriver_mac64_v83.0.4103.39 + 271...
[debug] [38;5;128m[W3C][0m Matched W3C error code 'no such element' to NoSuchElementError
[38;5;0m[HTTP][0m [37m<-- POST /session/74b0150b-a379-4036-bbbc-50402d3625f6/element [39m[33m404[39m [90m50 ms - 2216[39m
[38;5;0m[HTTP][0m [90m[39m
[38;5;0m[HTTP][0m [37m-->[39m [37mPOST[39m [37m/session/74b0150b-a379-4036-bbbc-50402d3625f6/element[39m
[38;5;0m[HTTP][0m [90m{"using":"css selector","value":".img.coverPhoto"}[39m
[38;5;32m[AndroidUiautomator2Driver@58e9 (74b0150b)][0m Driver proxy active, passing request on via HTTP proxy
[debug] [38;5;144m[Chromedriver@5ab0 (95991eef)][0m Matched '/session/74b0150b-a379-4036-bbbc-50402d3625f6/element' to command name 'findElement'
[debug] [38;5;144m[Chromedriver@5ab0 (95991eef)][0m Proxying [POST /session/74b0150b-a379-4036-bbbc-50402d3625f6/element] to [POST http://127.0.0.1:8000/session/95991eefac65a71062d5cf098def15af/element] with body: {"using":"css selector","value":".img.coverPhoto"}
[38;5;144m[Chromedriver@5ab0 (95991eef)][0m Got response with status 404: {"value":{"error":"no such element","message":"no such element: Unable to locate element: {\"method\":\"css selector\",\"selector\":\".img.coverPhoto\"}\n  (Session info: chrome=83.0.4103.106)","stacktrace":"0   chromedriver_mac64_v83.0.4103.39    0x00000001087f3e99 chromedriver_mac64_v83.0.4103.39 + 4808345\n1   chromedriver_mac64_v83.0.4103.39    0x000000010878e5f3 chromedriver_mac64_v83.0.4103.39 + 4392435\n2   chromedriver_mac64_v83.0.4103.39    0x000000010841a29d chromedriver_mac64_v83.0.4103.39 + 770717\n3   chromedriver_mac64_v83.0.4103.39    0x0000000108383c51 chromedriver_mac64_v83.0.4103.39 + 154705\n4   chromedriver_mac64_v83.0.4103.39    0x00000001083ae9f7 chromedriver_mac64_v83.0.4103.39 + 330231\n5   chromedriver_mac64_v83.0.4103.39    0x000000010839ffdd chromedriver_mac64_v83.0.4103.39 + 270301\n6   chromedriver_mac64_v83.0.4103.39    0x00000001083acad8 chromedriver_mac64_v83.0.4103.39 + 322264\n7   chromedriver_mac64_v83.0.4103.39    0x00000001083a02a3 chromedriver_mac64_v83.0.4103.39 + 271...
[debug] [38;5;128m[W3C][0m Matched W3C error code 'no such element' to NoSuchElementError
[38;5;0m[HTTP][0m [37m<-- POST /session/74b0150b-a379-4036-bbbc-50402d3625f6/element [39m[33m404[39m [90m39 ms - 2216[39m
[38;5;0m[HTTP][0m [90m[39m
[38;5;0m[HTTP][0m [37m-->[39m [37mPOST[39m [37m/session/74b0150b-a379-4036-bbbc-50402d3625f6/element[39m
[38;5;0m[HTTP][0m [90m{"using":"css selector","value":".img.coverPhoto"}[39m
[38;5;32m[AndroidUiautomator2Driver@58e9 (74b0150b)][0m Driver proxy active, passing request on via HTTP proxy
[debug] [38;5;144m[Chromedriver@5ab0 (95991eef)][0m Matched '/session/74b0150b-a379-4036-bbbc-50402d3625f6/element' to command name 'findElement'
[debug] [38;5;144m[Chromedriver@5ab0 (95991eef)][0m Proxying [POST /session/74b0150b-a379-4036-bbbc-50402d3625f6/element] to [POST http://127.0.0.1:8000/session/95991eefac65a71062d5cf098def15af/element] with body: {"using":"css selector","value":".img.coverPhoto"}
[38;5;144m[Chromedriver@5ab0 (95991eef)][0m Got response with status 404: {"value":{"error":"no such element","message":"no such element: Unable to locate element: {\"method\":\"css selector\",\"selector\":\".img.coverPhoto\"}\n  (Session info: chrome=83.0.4103.106)","stacktrace":"0   chromedriver_mac64_v83.0.4103.39    0x00000001087f3e99 chromedriver_mac64_v83.0.4103.39 + 4808345\n1   chromedriver_mac64_v83.0.4103.39    0x000000010878e5f3 chromedriver_mac64_v83.0.4103.39 + 4392435\n2   chromedriver_mac64_v83.0.4103.39    0x000000010841a29d chromedriver_mac64_v83.0.4103.39 + 770717\n3   chromedriver_mac64_v83.0.4103.39    0x0000000108383c51 chromedriver_mac64_v83.0.4103.39 + 154705\n4   chromedriver_mac64_v83.0.4103.39    0x00000001083ae9f7 chromedriver_mac64_v83.0.4103.39 + 330231\n5   chromedriver_mac64_v83.0.4103.39    0x000000010839ffdd chromedriver_mac64_v83.0.4103.39 + 270301\n6   chromedriver_mac64_v83.0.4103.39    0x00000001083acad8 chromedriver_mac64_v83.0.4103.39 + 322264\n7   chromedriver_mac64_v83.0.4103.39    0x00000001083a02a3 chromedriver_mac64_v83.0.4103.39 + 271...
[debug] [38;5;128m[W3C][0m Matched W3C error code 'no such element' to NoSuchElementError
[38;5;0m[HTTP][0m [37m<-- POST /session/74b0150b-a379-4036-bbbc-50402d3625f6/element [39m[33m404[39m [90m44 ms - 2216[39m
[38;5;0m[HTTP][0m [90m[39m
[38;5;0m[HTTP][0m [37m-->[39m [37mPOST[39m [37m/session/74b0150b-a379-4036-bbbc-50402d3625f6/element[39m
[38;5;0m[HTTP][0m [90m{"using":"css selector","value":".img.coverPhoto"}[39m
[38;5;32m[AndroidUiautomator2Driver@58e9 (74b0150b)][0m Driver proxy active, passing request on via HTTP proxy
[debug] [38;5;144m[Chromedriver@5ab0 (95991eef)][0m Matched '/session/74b0150b-a379-4036-bbbc-50402d3625f6/element' to command name 'findElement'
[debug] [38;5;144m[Chromedriver@5ab0 (95991eef)][0m Proxying [POST /session/74b0150b-a379-4036-bbbc-50402d3625f6/element] to [POST http://127.0.0.1:8000/session/95991eefac65a71062d5cf098def15af/element] with body: {"using":"css selector","value":".img.coverPhoto"}
[38;5;144m[Chromedriver@5ab0 (95991eef)][0m Got response with status 404: {"value":{"error":"no such element","message":"no such element: Unable to locate element: {\"method\":\"css selector\",\"selector\":\".img.coverPhoto\"}\n  (Session info: chrome=83.0.4103.106)","stacktrace":"0   chromedriver_mac64_v83.0.4103.39    0x00000001087f3e99 chromedriver_mac64_v83.0.4103.39 + 4808345\n1   chromedriver_mac64_v83.0.4103.39    0x000000010878e5f3 chromedriver_mac64_v83.0.4103.39 + 4392435\n2   chromedriver_mac64_v83.0.4103.39    0x000000010841a29d chromedriver_mac64_v83.0.4103.39 + 770717\n3   chromedriver_mac64_v83.0.4103.39    0x0000000108383c51 chromedriver_mac64_v83.0.4103.39 + 154705\n4   chromedriver_mac64_v83.0.4103.39    0x00000001083ae9f7 chromedriver_mac64_v83.0.4103.39 + 330231\n5   chromedriver_mac64_v83.0.4103.39    0x000000010839ffdd chromedriver_mac64_v83.0.4103.39 + 270301\n6   chromedriver_mac64_v83.0.4103.39    0x00000001083acad8 chromedriver_mac64_v83.0.4103.39 + 322264\n7   chromedriver_mac64_v83.0.4103.39    0x00000001083a02a3 chromedriver_mac64_v83.0.4103.39 + 271...
[debug] [38;5;128m[W3C][0m Matched W3C error code 'no such element' to NoSuchElementError
[38;5;0m[HTTP][0m [37m<-- POST /session/74b0150b-a379-4036-bbbc-50402d3625f6/element [39m[33m404[39m [90m42 ms - 2216[39m
[38;5;0m[HTTP][0m [90m[39m
[38;5;0m[HTTP][0m [37m-->[39m [37mPOST[39m [37m/session/74b0150b-a379-4036-bbbc-50402d3625f6/element[39m
[38;5;0m[HTTP][0m [90m{"using":"css selector","value":".img.coverPhoto"}[39m
[38;5;32m[AndroidUiautomator2Driver@58e9 (74b0150b)][0m Driver proxy active, passing request on via HTTP proxy
[debug] [38;5;144m[Chromedriver@5ab0 (95991eef)][0m Matched '/session/74b0150b-a379-4036-bbbc-50402d3625f6/element' to command name 'findElement'
[debug] [38;5;144m[Chromedriver@5ab0 (95991eef)][0m Proxying [POST /session/74b0150b-a379-4036-bbbc-50402d3625f6/element] to [POST http://127.0.0.1:8000/session/95991eefac65a71062d5cf098def15af/element] with body: {"using":"css selector","value":".img.coverPhoto"}
[38;5;144m[Chromedriver@5ab0 (95991eef)][0m Got response with status 404: {"value":{"error":"no such element","message":"no such element: Unable to locate element: {\"method\":\"css selector\",\"selector\":\".img.coverPhoto\"}\n  (Session info: chrome=83.0.4103.106)","stacktrace":"0   chromedriver_mac64_v83.0.4103.39    0x00000001087f3e99 chromedriver_mac64_v83.0.4103.39 + 4808345\n1   chromedriver_mac64_v83.0.4103.39    0x000000010878e5f3 chromedriver_mac64_v83.0.4103.39 + 4392435\n2   chromedriver_mac64_v83.0.4103.39    0x000000010841a29d chromedriver_mac64_v83.0.4103.39 + 770717\n3   chromedriver_mac64_v83.0.4103.39    0x0000000108383c51 chromedriver_mac64_v83.0.4103.39 + 154705\n4   chromedriver_mac64_v83.0.4103.39    0x00000001083ae9f7 chromedriver_mac64_v83.0.4103.39 + 330231\n5   chromedriver_mac64_v83.0.4103.39    0x000000010839ffdd chromedriver_mac64_v83.0.4103.39 + 270301\n6   chromedriver_mac64_v83.0.4103.39    0x00000001083acad8 chromedriver_mac64_v83.0.4103.39 + 322264\n7   chromedriver_mac64_v83.0.4103.39    0x00000001083a02a3 chromedriver_mac64_v83.0.4103.39 + 271...
[debug] [38;5;128m[W3C][0m Matched W3C error code 'no such element' to NoSuchElementError
[38;5;0m[HTTP][0m [37m<-- POST /session/74b0150b-a379-4036-bbbc-50402d3625f6/element [39m[33m404[39m [90m37 ms - 2216[39m
[38;5;0m[HTTP][0m [90m[39m
[38;5;0m[HTTP][0m [37m-->[39m [37mPOST[39m [37m/session/74b0150b-a379-4036-bbbc-50402d3625f6/element[39m
[38;5;0m[HTTP][0m [90m{"using":"css selector","value":".img.coverPhoto"}[39m
[38;5;32m[AndroidUiautomator2Driver@58e9 (74b0150b)][0m Driver proxy active, passing request on via HTTP proxy
[debug] [38;5;144m[Chromedriver@5ab0 (95991eef)][0m Matched '/session/74b0150b-a379-4036-bbbc-50402d3625f6/element' to command name 'findElement'
[debug] [38;5;144m[Chromedriver@5ab0 (95991eef)][0m Proxying [POST /session/74b0150b-a379-4036-bbbc-50402d3625f6/element] to [POST http://127.0.0.1:8000/session/95991eefac65a71062d5cf098def15af/element] with body: {"using":"css selector","value":".img.coverPhoto"}
[38;5;144m[Chromedriver@5ab0 (95991eef)][0m Got response with status 404: {"value":{"error":"no such element","message":"no such element: Unable to locate element: {\"method\":\"css selector\",\"selector\":\".img.coverPhoto\"}\n  (Session info: chrome=83.0.4103.106)","stacktrace":"0   chromedriver_mac64_v83.0.4103.39    0x00000001087f3e99 chromedriver_mac64_v83.0.4103.39 + 4808345\n1   chromedriver_mac64_v83.0.4103.39    0x000000010878e5f3 chromedriver_mac64_v83.0.4103.39 + 4392435\n2   chromedriver_mac64_v83.0.4103.39    0x000000010841a29d chromedriver_mac64_v83.0.4103.39 + 770717\n3   chromedriver_mac64_v83.0.4103.39    0x0000000108383c51 chromedriver_mac64_v83.0.4103.39 + 154705\n4   chromedriver_mac64_v83.0.4103.39    0x00000001083ae9f7 chromedriver_mac64_v83.0.4103.39 + 330231\n5   chromedriver_mac64_v83.0.4103.39    0x000000010839ffdd chromedriver_mac64_v83.0.4103.39 + 270301\n6   chromedriver_mac64_v83.0.4103.39    0x00000001083acad8 chromedriver_mac64_v83.0.4103.39 + 322264\n7   chromedriver_mac64_v83.0.4103.39    0x00000001083a02a3 chromedriver_mac64_v83.0.4103.39 + 271...
[debug] [38;5;128m[W3C][0m Matched W3C error code 'no such element' to NoSuchElementError
[38;5;0m[HTTP][0m [37m<-- POST /session/74b0150b-a379-4036-bbbc-50402d3625f6/element [39m[33m404[39m [90m58 ms - 2216[39m
[38;5;0m[HTTP][0m [90m[39m
[38;5;0m[HTTP][0m [37m-->[39m [37mPOST[39m [37m/session/74b0150b-a379-4036-bbbc-50402d3625f6/element[39m
[38;5;0m[HTTP][0m [90m{"using":"css selector","value":".img.coverPhoto"}[39m
[38;5;32m[AndroidUiautomator2Driver@58e9 (74b0150b)][0m Driver proxy active, passing request on via HTTP proxy
[debug] [38;5;144m[Chromedriver@5ab0 (95991eef)][0m Matched '/session/74b0150b-a379-4036-bbbc-50402d3625f6/element' to command name 'findElement'
[debug] [38;5;144m[Chromedriver@5ab0 (95991eef)][0m Proxying [POST /session/74b0150b-a379-4036-bbbc-50402d3625f6/element] to [POST http://127.0.0.1:8000/session/95991eefac65a71062d5cf098def15af/element] with body: {"using":"css selector","value":".img.coverPhoto"}
[38;5;144m[Chromedriver@5ab0 (95991eef)][0m Got response with status 404: {"value":{"error":"no such element","message":"no such element: Unable to locate element: {\"method\":\"css selector\",\"selector\":\".img.coverPhoto\"}\n  (Session info: chrome=83.0.4103.106)","stacktrace":"0   chromedriver_mac64_v83.0.4103.39    0x00000001087f3e99 chromedriver_mac64_v83.0.4103.39 + 4808345\n1   chromedriver_mac64_v83.0.4103.39    0x000000010878e5f3 chromedriver_mac64_v83.0.4103.39 + 4392435\n2   chromedriver_mac64_v83.0.4103.39    0x000000010841a29d chromedriver_mac64_v83.0.4103.39 + 770717\n3   chromedriver_mac64_v83.0.4103.39    0x0000000108383c51 chromedriver_mac64_v83.0.4103.39 + 154705\n4   chromedriver_mac64_v83.0.4103.39    0x00000001083ae9f7 chromedriver_mac64_v83.0.4103.39 + 330231\n5   chromedriver_mac64_v83.0.4103.39    0x000000010839ffdd chromedriver_mac64_v83.0.4103.39 + 270301\n6   chromedriver_mac64_v83.0.4103.39    0x00000001083acad8 chromedriver_mac64_v83.0.4103.39 + 322264\n7   chromedriver_mac64_v83.0.4103.39    0x00000001083a02a3 chromedriver_mac64_v83.0.4103.39 + 271...
[debug] [38;5;128m[W3C][0m Matched W3C error code 'no such element' to NoSuchElementError
[38;5;0m[HTTP][0m [37m<-- POST /session/74b0150b-a379-4036-bbbc-50402d3625f6/element [39m[33m404[39m [90m43 ms - 2216[39m
[38;5;0m[HTTP][0m [90m[39m
[38;5;0m[HTTP][0m [37m-->[39m [37mPOST[39m [37m/session/74b0150b-a379-4036-bbbc-50402d3625f6/element[39m
[38;5;0m[HTTP][0m [90m{"using":"css selector","value":".img.coverPhoto"}[39m
[38;5;32m[AndroidUiautomator2Driver@58e9 (74b0150b)][0m Driver proxy active, passing request on via HTTP proxy
[debug] [38;5;144m[Chromedriver@5ab0 (95991eef)][0m Matched '/session/74b0150b-a379-4036-bbbc-50402d3625f6/element' to command name 'findElement'
[debug] [38;5;144m[Chromedriver@5ab0 (95991eef)][0m Proxying [POST /session/74b0150b-a379-4036-bbbc-50402d3625f6/element] to [POST http://127.0.0.1:8000/session/95991eefac65a71062d5cf098def15af/element] with body: {"using":"css selector","value":".img.coverPhoto"}
[38;5;144m[Chromedriver@5ab0 (95991eef)][0m Got response with status 404: {"value":{"error":"no such element","message":"no such element: Unable to locate element: {\"method\":\"css selector\",\"selector\":\".img.coverPhoto\"}\n  (Session info: chrome=83.0.4103.106)","stacktrace":"0   chromedriver_mac64_v83.0.4103.39    0x00000001087f3e99 chromedriver_mac64_v83.0.4103.39 + 4808345\n1   chromedriver_mac64_v83.0.4103.39    0x000000010878e5f3 chromedriver_mac64_v83.0.4103.39 + 4392435\n2   chromedriver_mac64_v83.0.4103.39    0x000000010841a29d chromedriver_mac64_v83.0.4103.39 + 770717\n3   chromedriver_mac64_v83.0.4103.39    0x0000000108383c51 chromedriver_mac64_v83.0.4103.39 + 154705\n4   chromedriver_mac64_v83.0.4103.39    0x00000001083ae9f7 chromedriver_mac64_v83.0.4103.39 + 330231\n5   chromedriver_mac64_v83.0.4103.39    0x000000010839ffdd chromedriver_mac64_v83.0.4103.39 + 270301\n6   chromedriver_mac64_v83.0.4103.39    0x00000001083acad8 chromedriver_mac64_v83.0.4103.39 + 322264\n7   chromedriver_mac64_v83.0.4103.39    0x00000001083a02a3 chromedriver_mac64_v83.0.4103.39 + 271...
[debug] [38;5;128m[W3C][0m Matched W3C error code 'no such element' to NoSuchElementError
[38;5;0m[HTTP][0m [37m<-- POST /session/74b0150b-a379-4036-bbbc-50402d3625f6/element [39m[33m404[39m [90m39 ms - 2216[39m
[38;5;0m[HTTP][0m [90m[39m
[38;5;0m[HTTP][0m [37m-->[39m [37mPOST[39m [37m/session/74b0150b-a379-4036-bbbc-50402d3625f6/element[39m
[38;5;0m[HTTP][0m [90m{"using":"css selector","value":".img.coverPhoto"}[39m
[38;5;32m[AndroidUiautomator2Driver@58e9 (74b0150b)][0m Driver proxy active, passing request on via HTTP proxy
[debug] [38;5;144m[Chromedriver@5ab0 (95991eef)][0m Matched '/session/74b0150b-a379-4036-bbbc-50402d3625f6/element' to command name 'findElement'
[debug] [38;5;144m[Chromedriver@5ab0 (95991eef)][0m Proxying [POST /session/74b0150b-a379-4036-bbbc-50402d3625f6/element] to [POST http://127.0.0.1:8000/session/95991eefac65a71062d5cf098def15af/element] with body: {"using":"css selector","value":".img.coverPhoto"}
[38;5;144m[Chromedriver@5ab0 (95991eef)][0m Got response with status 404: {"value":{"error":"no such element","message":"no such element: Unable to locate element: {\"method\":\"css selector\",\"selector\":\".img.coverPhoto\"}\n  (Session info: chrome=83.0.4103.106)","stacktrace":"0   chromedriver_mac64_v83.0.4103.39    0x00000001087f3e99 chromedriver_mac64_v83.0.4103.39 + 4808345\n1   chromedriver_mac64_v83.0.4103.39    0x000000010878e5f3 chromedriver_mac64_v83.0.4103.39 + 4392435\n2   chromedriver_mac64_v83.0.4103.39    0x000000010841a29d chromedriver_mac64_v83.0.4103.39 + 770717\n3   chromedriver_mac64_v83.0.4103.39    0x0000000108383c51 chromedriver_mac64_v83.0.4103.39 + 154705\n4   chromedriver_mac64_v83.0.4103.39    0x00000001083ae9f7 chromedriver_mac64_v83.0.4103.39 + 330231\n5   chromedriver_mac64_v83.0.4103.39    0x000000010839ffdd chromedriver_mac64_v83.0.4103.39 + 270301\n6   chromedriver_mac64_v83.0.4103.39    0x00000001083acad8 chromedriver_mac64_v83.0.4103.39 + 322264\n7   chromedriver_mac64_v83.0.4103.39    0x00000001083a02a3 chromedriver_mac64_v83.0.4103.39 + 271...
[debug] [38;5;128m[W3C][0m Matched W3C error code 'no such element' to NoSuchElementError
[38;5;0m[HTTP][0m [37m<-- POST /session/74b0150b-a379-4036-bbbc-50402d3625f6/element [39m[33m404[39m [90m39 ms - 2216[39m
[38;5;0m[HTTP][0m [90m[39m
[38;5;0m[HTTP][0m [37m-->[39m [37mDELETE[39m [37m/session/74b0150b-a379-4036-bbbc-50402d3625f6[39m
[38;5;0m[HTTP][0m [90m{}[39m
[debug] [38;5;32m[AndroidUiautomator2Driver@58e9 (74b0150b)][0m Calling AppiumDriver.deleteSession() with args: ["74b0150b-a379-4036-bbbc-50402d3625f6"]
[debug] [38;5;16m[AppiumDriver@bd14][0m Event 'quitSessionRequested' logged at 1691250751601 (19:52:31 GMT+0400 (Gulf Standard Time))
[38;5;16m[AppiumDriver@bd14][0m Removing session 74b0150b-a379-4036-bbbc-50402d3625f6 from our master session list
[debug] [38;5;32m[AndroidUiautomator2Driver@58e9 (74b0150b)][0m Deleting UiAutomator2 session
[debug] [38;5;32m[AndroidUiautomator2Driver@58e9 (74b0150b)][0m Stopping chromedriver for context WEBVIEW_chrome
[debug] [38;5;144m[Chromedriver@5ab0 (95991eef)][0m Changed state to 'stopping'
[debug] [38;5;144m[Chromedriver@5ab0 (95991eef)][0m Proxying [DELETE /] to [DELETE http://127.0.0.1:8000/session/95991eefac65a71062d5cf098def15af] with no body
[debug] [38;5;144m[Chromedriver@5ab0 (95991eef)][0m Got response with status 200: {"value":null}
[debug] [38;5;144m[Chromedriver@5ab0][0m Changed state to 'stopped'
[debug] [38;5;32m[AndroidUiautomator2Driver@58e9 (74b0150b)][0m Deleting UiAutomator2 server session
[debug] [38;5;32m[AndroidUiautomator2Driver@58e9 (74b0150b)][0m Matched '/' to command name 'deleteSession'
[debug] [38;5;32m[AndroidUiautomator2Driver@58e9 (74b0150b)][0m Proxying [DELETE /] to [DELETE http://127.0.0.1:8200/session/62ac2e3c-363d-4e5c-b338-33926d4a778b] with no body
[debug] [38;5;32m[AndroidUiautomator2Driver@58e9 (74b0150b)][0m Got response with status 200: {"sessionId":"62ac2e3c-363d-4e5c-b338-33926d4a778b","value":null}
[debug] [38;5;64m[ADB][0m Running '/Users/ramsha/Library/Android/sdk/platform-tools/adb -P 5037 -s emulator-5554 shell dumpsys activity services io.appium.settings/.recorder.RecorderService'
[debug] [38;5;64m[ADB][0m Running '/Users/ramsha/Library/Android/sdk/platform-tools/adb -P 5037 -s emulator-5554 shell am force-stop com.socialnmobile.dictapps.notepad.color.note'
[debug] [38;5;96m[Logcat][0m Stopping logcat capture
[debug] [38;5;64m[ADB][0m Removing forwarded port socket connection: 8200 
[debug] [38;5;64m[ADB][0m Running '/Users/ramsha/Library/Android/sdk/platform-tools/adb -P 5037 -s emulator-5554 forward --remove tcp:8200'
[38;5;32m[AndroidUiautomator2Driver@58e9 (74b0150b)][0m Restoring hidden api policy to the device default configuration
[debug] [38;5;64m[ADB][0m Running '/Users/ramsha/Library/Android/sdk/platform-tools/adb -P 5037 -s emulator-5554 shell 'settings delete global hidden_api_policy_pre_p_apps;settings delete global hidden_api_policy_p_apps;settings delete global hidden_api_policy''
[debug] [38;5;112m[Instrumentation][0m .
[debug] [38;5;112m[Instrumentation][0m Time: 30.15
[debug] [38;5;112m[Instrumentation][0m 
[debug] [38;5;112m[Instrumentation][0m OK (1 test)
[debug] [38;5;16m[AppiumDriver@bd14][0m Event 'quitSessionFinished' logged at 1691250752422 (19:52:32 GMT+0400 (Gulf Standard Time))
[debug] [38;5;16m[AppiumDriver@bd14][0m Received response: null
[debug] [38;5;16m[AppiumDriver@bd14][0m But deleting session, so not returning
[debug] [38;5;16m[AppiumDriver@bd14][0m Responding to client with driver.deleteSession() result: null
[38;5;0m[HTTP][0m [37m<-- DELETE /session/74b0150b-a379-4036-bbbc-50402d3625f6 [39m[32m200[39m [90m823 ms - 14[39m
[38;5;0m[HTTP][0m [90m[39m
[35m[Appium][39m Received SIGTERM - shutting down
[debug] [38;5;16m[AppiumDriver@bd14][0m There are no active sessions for cleanup
[38;5;0m[HTTP][0m Waiting until the server is closed
[38;5;0m[HTTP][0m Received server close event
